#
# There is insufficient memory for the Java Runtime Environment to continue.
# Native memory allocation (mmap) failed to map 27262976 bytes for Failed to commit area from 0x000000008a200000 to 0x000000008bc00000 of length 27262976.
# Possible reasons:
#   The system is out of physical RAM or swap space
#   The process is running with CompressedOops enabled, and the Java Heap may be blocking the growth of the native heap
# Possible solutions:
#   Reduce memory load on the system
#   Increase physical memory or swap space
#   Check if swap backing store is full
#   Decrease Java heap size (-Xmx/-Xms)
#   Decrease number of Java threads
#   Decrease Java thread stack sizes (-Xss)
#   Set larger code cache with -XX:ReservedCodeCacheSize=
#   JVM is running with Unscaled Compressed Oops mode in which the Java heap is
#     placed in the first 4GB address space. The Java Heap base address is the
#     maximum limit for the native heap growth. Please use -XX:HeapBaseMinAddress
#     to set the Java Heap base and to place the Java Heap above 4GB virtual address.
# This output file may be truncated or incomplete.
#
#  Out of Memory Error (t:/workspace/open/src/hotspot/os/windows/os_windows.cpp:3269), pid=19624, tid=8688
#
# JRE version: Java(TM) SE Runtime Environment (11.0.1+13) (build 11.0.1+13-LTS)
# Java VM: Java HotSpot(TM) 64-Bit Server VM (11.0.1+13-LTS, mixed mode, tiered, compressed oops, g1 gc, windows-amd64)
# No core dump will be written. Minidumps are not enabled by default on client versions of Windows
#

---------------  S U M M A R Y ------------

Command Line: org.jetbrains.kotlin.cli.jvm.K2JVMCompiler @D:\Siten\SIDOC\sidoc-mobile\node_modules\react-native-screens\android\build\20230312_5548765275585407609.compiler.options

Host: Intel(R) Core(TM) i5-10210U CPU @ 1.60GHz, 8 cores, 7G,  Windows 10 , 64 bit Build 22621 (10.0.22621.1194)
Time: Sun Mar 12 10:56:45 2023 SE Asia Standard Time elapsed time: 8 seconds (0d 0h 0m 8s)

---------------  T H R E A D  ---------------

Current thread (0x00000277388f9000):  VMThread "VM Thread" [stack: 0x0000008d5a700000,0x0000008d5a800000] [id=8688]

Stack: [0x0000008d5a700000,0x0000008d5a800000]
[error occurred during error reporting (printing stack bounds), id 0xc0000005, EXCEPTION_ACCESS_VIOLATION (0xc0000005) at pc=0x0000027721930bad]

Native frames: (J=compiled Java code, j=interpreted, Vv=VM code, C=native code)
V  [jvm.dll+0x63c21a]
V  [jvm.dll+0x7797df]
V  [jvm.dll+0x77adca]
V  [jvm.dll+0x77b3e5]
V  [jvm.dll+0x77b39b]
V  [jvm.dll+0x63b916]
V  [jvm.dll+0x63bce8]
C  [ntdll.dll+0xa3eaf]
C  [ntdll.dll+0x1eae6]
C  [ntdll.dll+0xa2e9e]
C  0x0000027721930bad

VM_Operation (0x0000008d5a1fb350): G1CollectForAllocation, mode: safepoint, requested by thread 0x0000027717df9000


---------------  P R O C E S S  ---------------

Threads class SMR info:
_java_thread_list=0x00000277399772f0, length=12, elements={
0x0000027717df9000, 0x00000277388fb800, 0x0000027738920800, 0x000002773893b800,
0x000002773893d000, 0x000002773893f000, 0x0000027738940000, 0x0000027738941000,
0x0000027739308000, 0x00000277393e0800, 0x000002773dd13800, 0x000002773b328000
}

Java Threads: ( => current thread )
  0x0000027717df9000 JavaThread "main" [_thread_blocked, id=17348, stack(0x0000008d5a100000,0x0000008d5a200000)]
  0x00000277388fb800 JavaThread "Reference Handler" daemon [_thread_blocked, id=20880, stack(0x0000008d5a800000,0x0000008d5a900000)]
  0x0000027738920800 JavaThread "Finalizer" daemon [_thread_blocked, id=25040, stack(0x0000008d5a900000,0x0000008d5aa00000)]
  0x000002773893b800 JavaThread "Signal Dispatcher" daemon [_thread_blocked, id=23120, stack(0x0000008d5ab00000,0x0000008d5ac00000)]
  0x000002773893d000 JavaThread "Attach Listener" daemon [_thread_blocked, id=20800, stack(0x0000008d5ac00000,0x0000008d5ad00000)]
  0x000002773893f000 JavaThread "C2 CompilerThread0" daemon [_thread_blocked, id=8340, stack(0x0000008d5ad00000,0x0000008d5ae00000)]
  0x0000027738940000 JavaThread "C1 CompilerThread0" daemon [_thread_blocked, id=1188, stack(0x0000008d5ae00000,0x0000008d5af00000)]
  0x0000027738941000 JavaThread "Sweeper thread" daemon [_thread_blocked, id=4940, stack(0x0000008d5af00000,0x0000008d5b000000)]
  0x0000027739308000 JavaThread "Service Thread" daemon [_thread_blocked, id=26448, stack(0x0000008d5b000000,0x0000008d5b100000)]
  0x00000277393e0800 JavaThread "Common-Cleaner" daemon [_thread_blocked, id=19508, stack(0x0000008d5b200000,0x0000008d5b300000)]
  0x000002773dd13800 JavaThread "C2 CompilerThread1" daemon [_thread_blocked, id=12136, stack(0x0000008d5b600000,0x0000008d5b700000)]
  0x000002773b328000 JavaThread "C2 CompilerThread2" daemon [_thread_blocked, id=18064, stack(0x0000008d5b700000,0x0000008d5b800000)]

Other Threads:
=>0x00000277388f9000 VMThread "VM Thread" [stack: 0x0000008d5a700000,0x0000008d5a800000] [id=8688]
  0x00000277393dc000 WatcherThread [stack: 0x0000008d5b100000,0x0000008d5b200000] [id=7044]
  0x0000027717e10000 GCTaskThread "GC Thread#0" [stack: 0x0000008d5a200000,0x0000008d5a300000] [id=19580]
  0x00000277398d7000 GCTaskThread "GC Thread#1" [stack: 0x0000008d5b300000,0x0000008d5b400000] [id=17372]
  0x00000277398ff800 GCTaskThread "GC Thread#2" [stack: 0x0000008d5b400000,0x0000008d5b500000] [id=9988]
  0x0000027717e3f800 ConcurrentGCThread "G1 Main Marker" [stack: 0x0000008d5a300000,0x0000008d5a400000] [id=5868]
  0x0000027717e42000 ConcurrentGCThread "G1 Conc#0" [stack: 0x0000008d5a400000,0x0000008d5a500000] [id=20364]
  0x0000027739cab000 ConcurrentGCThread "G1 Conc#1" [stack: 0x0000008d5b500000,0x0000008d5b600000] [id=3752]
  0x0000027738764800 ConcurrentGCThread "G1 Refine#0" [stack: 0x0000008d5a500000,0x0000008d5a600000] [id=5660]
  0x0000027739dad000 ConcurrentGCThread "G1 Refine#1" [stack: 0x0000008d5b800000,0x0000008d5b900000] [id=17200]
  0x0000027738767800 ConcurrentGCThread "G1 Young RemSet Sampling" [stack: 0x0000008d5a600000,0x0000008d5a700000] [id=18400]

Threads with active compile tasks:
C2 CompilerThread04239 %     4       sun.nio.fs.WindowsPathParser::normalize @ 18 (233 bytes)
C1 CompilerThread04266   !   3       org.jetbrains.kotlin.metadata.ProtoBuf$Annotation::<init> (344 bytes)
C2 CompilerThread14236       4       org.jetbrains.org.objectweb.asm.ClassReader::readMethod (1061 bytes)
C2 CompilerThread24212       4       org.jetbrains.kotlin.com.intellij.lang.impl.PsiBuilderImpl::insertLeaves (88 bytes)

VM state:at safepoint (normal execution)

VM Mutex/Monitor currently owned by a thread:  ([mutex/lock_event])
[0x0000027717df52b0] Threads_lock - owner thread: 0x00000277388f9000
[0x0000027717df5d60] Heap_lock - owner thread: 0x0000027717df9000

Heap address: 0x0000000082400000, size: 2012 MB, Compressed Oops mode: 32-bit
Narrow klass base: 0x0000000000000000, Narrow klass shift: 3
Compressed class space size: 1073741824 Address: 0x0000000100000000

Heap:
 garbage-first heap   total 155648K, used 40605K [0x0000000082400000, 0x0000000100000000)
  region size 1024K, 7 young (7168K), 7 survivors (7168K)
 Metaspace       used 49794K, capacity 50317K, committed 50512K, reserved 1093632K
  class space    used 5815K, capacity 6059K, committed 6144K, reserved 1048576K
Heap Regions: E=young(eden), S=young(survivor), O=old, HS=humongous(starts), HC=humongous(continues), CS=collection set, F=free, A=archive, TAMS=top-at-mark-start (previous, next)
|   0|0x0000000082400000, 0x0000000082500000, 0x0000000082500000|100%|HS|  |TAMS 0x0000000082500000, 0x0000000082400000| Complete 
|   1|0x0000000082500000, 0x0000000082600000, 0x0000000082600000|100%|HC|  |TAMS 0x0000000082600000, 0x0000000082500000| Complete 
|   2|0x0000000082600000, 0x0000000082700000, 0x0000000082700000|100%|HC|  |TAMS 0x0000000082700000, 0x0000000082600000| Complete 
|   3|0x0000000082700000, 0x0000000082800000, 0x0000000082800000|100%|HS|  |TAMS 0x0000000082800000, 0x0000000082700000| Complete 
|   4|0x0000000082800000, 0x0000000082900000, 0x0000000082900000|100%|HC|  |TAMS 0x0000000082900000, 0x0000000082800000| Complete 
|   5|0x0000000082900000, 0x0000000082a00000, 0x0000000082a00000|100%|HC|  |TAMS 0x0000000082a00000, 0x0000000082900000| Complete 
|   6|0x0000000082a00000, 0x0000000082b00000, 0x0000000082b00000|100%|HS|  |TAMS 0x0000000082a00000, 0x0000000082a00000| Complete 
|   7|0x0000000082b00000, 0x0000000082c00000, 0x0000000082c00000|100%|HC|  |TAMS 0x0000000082b00000, 0x0000000082b00000| Complete 
|   8|0x0000000082c00000, 0x0000000082d00000, 0x0000000082d00000|100%| O|  |TAMS 0x0000000082d00000, 0x0000000082c00000| Untracked 
|   9|0x0000000082d00000, 0x0000000082e00000, 0x0000000082e00000|100%| O|  |TAMS 0x0000000082e00000, 0x0000000082d00000| Untracked 
|  10|0x0000000082e00000, 0x0000000082f00000, 0x0000000082f00000|100%| O|  |TAMS 0x0000000082f00000, 0x0000000082e00000| Untracked 
|  11|0x0000000082f00000, 0x0000000083000000, 0x0000000083000000|100%| O|  |TAMS 0x0000000083000000, 0x0000000082f00000| Untracked 
|  12|0x0000000083000000, 0x0000000083100000, 0x0000000083100000|100%| O|  |TAMS 0x0000000083100000, 0x0000000083000000| Untracked 
|  13|0x0000000083100000, 0x0000000083200000, 0x0000000083200000|100%| O|  |TAMS 0x0000000083200000, 0x0000000083100000| Untracked 
|  14|0x0000000083200000, 0x0000000083300000, 0x0000000083300000|100%| O|  |TAMS 0x0000000083300000, 0x0000000083200000| Untracked 
|  15|0x0000000083300000, 0x0000000083400000, 0x0000000083400000|100%| O|  |TAMS 0x0000000083400000, 0x0000000083300000| Untracked 
|  16|0x0000000083400000, 0x0000000083500000, 0x0000000083500000|100%| O|  |TAMS 0x0000000083500000, 0x0000000083400000| Untracked 
|  17|0x0000000083500000, 0x0000000083600000, 0x0000000083600000|100%| O|  |TAMS 0x0000000083600000, 0x0000000083500000| Untracked 
|  18|0x0000000083600000, 0x0000000083700000, 0x0000000083700000|100%| O|  |TAMS 0x0000000083700000, 0x0000000083600000| Untracked 
|  19|0x0000000083700000, 0x0000000083800000, 0x0000000083800000|100%| O|  |TAMS 0x0000000083800000, 0x0000000083700000| Untracked 
|  20|0x0000000083800000, 0x0000000083900000, 0x0000000083900000|100%| O|  |TAMS 0x0000000083900000, 0x0000000083800000| Untracked 
|  21|0x0000000083900000, 0x0000000083a00000, 0x0000000083a00000|100%| O|  |TAMS 0x0000000083a00000, 0x0000000083900000| Untracked 
|  22|0x0000000083a00000, 0x0000000083b00000, 0x0000000083b00000|100%| O|  |TAMS 0x0000000083b00000, 0x0000000083a00000| Untracked 
|  23|0x0000000083b00000, 0x0000000083c00000, 0x0000000083c00000|100%| O|  |TAMS 0x0000000083c00000, 0x0000000083b00000| Untracked 
|  24|0x0000000083c00000, 0x0000000083d00000, 0x0000000083d00000|100%| O|  |TAMS 0x0000000083d00000, 0x0000000083c00000| Untracked 
|  25|0x0000000083d00000, 0x0000000083e00000, 0x0000000083e00000|100%| O|  |TAMS 0x0000000083dd4600, 0x0000000083d00000| Untracked 
|  26|0x0000000083e00000, 0x0000000083e00000, 0x0000000083f00000|  0%| F|  |TAMS 0x0000000083e00000, 0x0000000083e00000| Untracked 
|  27|0x0000000083f00000, 0x0000000084000000, 0x0000000084000000|100%| O|  |TAMS 0x0000000083f00000, 0x0000000083f00000| Untracked 
|  28|0x0000000084000000, 0x0000000084100000, 0x0000000084100000|100%| O|  |TAMS 0x0000000084000000, 0x0000000084000000| Untracked 
|  29|0x0000000084100000, 0x0000000084200000, 0x0000000084200000|100%| O|  |TAMS 0x0000000084100000, 0x0000000084100000| Untracked 
|  30|0x0000000084200000, 0x0000000084300000, 0x0000000084300000|100%| O|  |TAMS 0x0000000084200000, 0x0000000084200000| Untracked 
|  31|0x0000000084300000, 0x0000000084400000, 0x0000000084400000|100%| O|  |TAMS 0x0000000084300000, 0x0000000084300000| Untracked 
|  32|0x0000000084400000, 0x0000000084500000, 0x0000000084500000|100%| O|  |TAMS 0x0000000084400000, 0x0000000084400000| Untracked 
|  33|0x0000000084500000, 0x00000000845a7400, 0x0000000084600000| 65%| O|  |TAMS 0x0000000084500000, 0x0000000084500000| Untracked 
|  34|0x0000000084600000, 0x0000000084600000, 0x0000000084700000|  0%| F|  |TAMS 0x0000000084600000, 0x0000000084600000| Untracked 
|  35|0x0000000084700000, 0x0000000084700000, 0x0000000084800000|  0%| F|  |TAMS 0x0000000084700000, 0x0000000084700000| Untracked 
|  36|0x0000000084800000, 0x0000000084800000, 0x0000000084900000|  0%| F|  |TAMS 0x0000000084800000, 0x0000000084800000| Untracked 
|  37|0x0000000084900000, 0x0000000084900000, 0x0000000084a00000|  0%| F|  |TAMS 0x0000000084900000, 0x0000000084900000| Untracked 
|  38|0x0000000084a00000, 0x0000000084a00000, 0x0000000084b00000|  0%| F|  |TAMS 0x0000000084a00000, 0x0000000084a00000| Untracked 
|  39|0x0000000084b00000, 0x0000000084b00000, 0x0000000084c00000|  0%| F|  |TAMS 0x0000000084b00000, 0x0000000084b00000| Untracked 
|  40|0x0000000084c00000, 0x0000000084c00000, 0x0000000084d00000|  0%| F|  |TAMS 0x0000000084c00000, 0x0000000084c00000| Untracked 
|  41|0x0000000084d00000, 0x0000000084d00000, 0x0000000084e00000|  0%| F|  |TAMS 0x0000000084d00000, 0x0000000084d00000| Untracked 
|  42|0x0000000084e00000, 0x0000000084e00000, 0x0000000084f00000|  0%| F|  |TAMS 0x0000000084e00000, 0x0000000084e00000| Untracked 
|  43|0x0000000084f00000, 0x0000000084f00000, 0x0000000085000000|  0%| F|  |TAMS 0x0000000084f00000, 0x0000000084f00000| Untracked 
|  44|0x0000000085000000, 0x0000000085000000, 0x0000000085100000|  0%| F|  |TAMS 0x0000000085000000, 0x0000000085000000| Untracked 
|  45|0x0000000085100000, 0x0000000085100000, 0x0000000085200000|  0%| F|  |TAMS 0x0000000085100000, 0x0000000085100000| Untracked 
|  46|0x0000000085200000, 0x0000000085200000, 0x0000000085300000|  0%| F|  |TAMS 0x0000000085200000, 0x0000000085200000| Untracked 
|  47|0x0000000085300000, 0x0000000085300000, 0x0000000085400000|  0%| F|  |TAMS 0x0000000085300000, 0x0000000085300000| Untracked 
|  48|0x0000000085400000, 0x0000000085400000, 0x0000000085500000|  0%| F|  |TAMS 0x0000000085400000, 0x0000000085400000| Untracked 
|  49|0x0000000085500000, 0x0000000085500000, 0x0000000085600000|  0%| F|  |TAMS 0x0000000085500000, 0x0000000085500000| Untracked 
|  50|0x0000000085600000, 0x0000000085600000, 0x0000000085700000|  0%| F|  |TAMS 0x0000000085600000, 0x0000000085600000| Untracked 
|  51|0x0000000085700000, 0x0000000085700000, 0x0000000085800000|  0%| F|  |TAMS 0x0000000085700000, 0x0000000085700000| Untracked 
|  52|0x0000000085800000, 0x0000000085800000, 0x0000000085900000|  0%| F|  |TAMS 0x0000000085800000, 0x0000000085800000| Untracked 
|  53|0x0000000085900000, 0x0000000085900000, 0x0000000085a00000|  0%| F|  |TAMS 0x0000000085900000, 0x0000000085900000| Untracked 
|  54|0x0000000085a00000, 0x0000000085a00000, 0x0000000085b00000|  0%| F|  |TAMS 0x0000000085a00000, 0x0000000085a00000| Untracked 
|  55|0x0000000085b00000, 0x0000000085b00000, 0x0000000085c00000|  0%| F|  |TAMS 0x0000000085b00000, 0x0000000085b00000| Untracked 
|  56|0x0000000085c00000, 0x0000000085c00000, 0x0000000085d00000|  0%| F|  |TAMS 0x0000000085c00000, 0x0000000085c00000| Untracked 
|  57|0x0000000085d00000, 0x0000000085d00000, 0x0000000085e00000|  0%| F|  |TAMS 0x0000000085d00000, 0x0000000085d00000| Untracked 
|  58|0x0000000085e00000, 0x0000000085e00000, 0x0000000085f00000|  0%| F|  |TAMS 0x0000000085e00000, 0x0000000085e00000| Untracked 
|  59|0x0000000085f00000, 0x0000000085f00000, 0x0000000086000000|  0%| F|  |TAMS 0x0000000085f00000, 0x0000000085f00000| Untracked 
|  60|0x0000000086000000, 0x0000000086000000, 0x0000000086100000|  0%| F|  |TAMS 0x0000000086000000, 0x0000000086000000| Untracked 
|  61|0x0000000086100000, 0x0000000086100000, 0x0000000086200000|  0%| F|  |TAMS 0x0000000086100000, 0x0000000086100000| Untracked 
|  62|0x0000000086200000, 0x0000000086200000, 0x0000000086300000|  0%| F|  |TAMS 0x0000000086200000, 0x0000000086200000| Untracked 
|  63|0x0000000086300000, 0x0000000086300000, 0x0000000086400000|  0%| F|  |TAMS 0x0000000086300000, 0x0000000086300000| Untracked 
|  64|0x0000000086400000, 0x0000000086400000, 0x0000000086500000|  0%| F|  |TAMS 0x0000000086400000, 0x0000000086400000| Untracked 
|  65|0x0000000086500000, 0x0000000086500000, 0x0000000086600000|  0%| F|  |TAMS 0x0000000086500000, 0x0000000086500000| Untracked 
|  66|0x0000000086600000, 0x0000000086600000, 0x0000000086700000|  0%| F|  |TAMS 0x0000000086600000, 0x0000000086600000| Untracked 
|  67|0x0000000086700000, 0x0000000086700000, 0x0000000086800000|  0%| F|  |TAMS 0x0000000086700000, 0x0000000086700000| Untracked 
|  68|0x0000000086800000, 0x0000000086800000, 0x0000000086900000|  0%| F|  |TAMS 0x0000000086800000, 0x0000000086800000| Untracked 
|  69|0x0000000086900000, 0x0000000086900000, 0x0000000086a00000|  0%| F|  |TAMS 0x0000000086900000, 0x0000000086900000| Untracked 
|  70|0x0000000086a00000, 0x0000000086b00000, 0x0000000086b00000|100%| S|CS|TAMS 0x0000000086a00000, 0x0000000086a00000| Complete 
|  71|0x0000000086b00000, 0x0000000086c00000, 0x0000000086c00000|100%| S|CS|TAMS 0x0000000086b00000, 0x0000000086b00000| Complete 
|  72|0x0000000086c00000, 0x0000000086d00000, 0x0000000086d00000|100%| S|CS|TAMS 0x0000000086c00000, 0x0000000086c00000| Complete 
|  73|0x0000000086d00000, 0x0000000086e00000, 0x0000000086e00000|100%| S|CS|TAMS 0x0000000086d00000, 0x0000000086d00000| Complete 
|  74|0x0000000086e00000, 0x0000000086f00000, 0x0000000086f00000|100%| S|CS|TAMS 0x0000000086e00000, 0x0000000086e00000| Complete 
|  75|0x0000000086f00000, 0x0000000087000000, 0x0000000087000000|100%| S|CS|TAMS 0x0000000086f00000, 0x0000000086f00000| Complete 
|  76|0x0000000087000000, 0x0000000087100000, 0x0000000087100000|100%| S|CS|TAMS 0x0000000087000000, 0x0000000087000000| Complete 
|  77|0x0000000087100000, 0x0000000087100000, 0x0000000087200000|  0%| F|  |TAMS 0x0000000087100000, 0x0000000087100000| Untracked 
|  78|0x0000000087200000, 0x0000000087200000, 0x0000000087300000|  0%| F|  |TAMS 0x0000000087200000, 0x0000000087200000| Untracked 
|  79|0x0000000087300000, 0x0000000087300000, 0x0000000087400000|  0%| F|  |TAMS 0x0000000087300000, 0x0000000087300000| Untracked 
|  80|0x0000000087400000, 0x0000000087400000, 0x0000000087500000|  0%| F|  |TAMS 0x0000000087400000, 0x0000000087400000| Untracked 
|  81|0x0000000087500000, 0x0000000087500000, 0x0000000087600000|  0%| F|  |TAMS 0x0000000087500000, 0x0000000087500000| Untracked 
|  82|0x0000000087600000, 0x0000000087600000, 0x0000000087700000|  0%| F|  |TAMS 0x0000000087600000, 0x0000000087600000| Untracked 
|  83|0x0000000087700000, 0x0000000087700000, 0x0000000087800000|  0%| F|  |TAMS 0x0000000087700000, 0x0000000087700000| Untracked 
|  84|0x0000000087800000, 0x0000000087800000, 0x0000000087900000|  0%| F|  |TAMS 0x0000000087800000, 0x0000000087800000| Untracked 
|  85|0x0000000087900000, 0x0000000087900000, 0x0000000087a00000|  0%| F|  |TAMS 0x0000000087900000, 0x0000000087900000| Untracked 
|  86|0x0000000087a00000, 0x0000000087a00000, 0x0000000087b00000|  0%| F|  |TAMS 0x0000000087a00000, 0x0000000087a00000| Untracked 
|  87|0x0000000087b00000, 0x0000000087b00000, 0x0000000087c00000|  0%| F|  |TAMS 0x0000000087b00000, 0x0000000087b00000| Untracked 
|  88|0x0000000087c00000, 0x0000000087c00000, 0x0000000087d00000|  0%| F|  |TAMS 0x0000000087c00000, 0x0000000087c00000| Untracked 
|  89|0x0000000087d00000, 0x0000000087d00000, 0x0000000087e00000|  0%| F|  |TAMS 0x0000000087d00000, 0x0000000087d00000| Untracked 
|  90|0x0000000087e00000, 0x0000000087e00000, 0x0000000087f00000|  0%| F|  |TAMS 0x0000000087e00000, 0x0000000087e00000| Untracked 
|  91|0x0000000087f00000, 0x0000000087f00000, 0x0000000088000000|  0%| F|  |TAMS 0x0000000087f00000, 0x0000000087f00000| Untracked 
|  92|0x0000000088000000, 0x0000000088000000, 0x0000000088100000|  0%| F|  |TAMS 0x0000000088000000, 0x0000000088000000| Untracked 
|  93|0x0000000088100000, 0x0000000088100000, 0x0000000088200000|  0%| F|  |TAMS 0x0000000088100000, 0x0000000088100000| Untracked 
|  94|0x0000000088200000, 0x0000000088200000, 0x0000000088300000|  0%| F|  |TAMS 0x0000000088200000, 0x0000000088200000| Untracked 
|  95|0x0000000088300000, 0x0000000088300000, 0x0000000088400000|  0%| F|  |TAMS 0x0000000088300000, 0x0000000088300000| Untracked 
|  96|0x0000000088400000, 0x0000000088400000, 0x0000000088500000|  0%| F|  |TAMS 0x0000000088400000, 0x0000000088400000| Untracked 
|  97|0x0000000088500000, 0x0000000088500000, 0x0000000088600000|  0%| F|  |TAMS 0x0000000088500000, 0x0000000088500000| Untracked 
|  98|0x0000000088600000, 0x0000000088600000, 0x0000000088700000|  0%| F|  |TAMS 0x0000000088600000, 0x0000000088600000| Untracked 
|  99|0x0000000088700000, 0x0000000088700000, 0x0000000088800000|  0%| F|  |TAMS 0x0000000088700000, 0x0000000088700000| Untracked 
| 100|0x0000000088800000, 0x0000000088800000, 0x0000000088900000|  0%| F|  |TAMS 0x0000000088800000, 0x0000000088800000| Untracked 
| 101|0x0000000088900000, 0x0000000088900000, 0x0000000088a00000|  0%| F|  |TAMS 0x0000000088900000, 0x0000000088900000| Untracked 
| 102|0x0000000088a00000, 0x0000000088a00000, 0x0000000088b00000|  0%| F|  |TAMS 0x0000000088a00000, 0x0000000088a00000| Untracked 
| 103|0x0000000088b00000, 0x0000000088b00000, 0x0000000088c00000|  0%| F|  |TAMS 0x0000000088b00000, 0x0000000088b00000| Untracked 
| 104|0x0000000088c00000, 0x0000000088c00000, 0x0000000088d00000|  0%| F|  |TAMS 0x0000000088c00000, 0x0000000088c00000| Untracked 
| 105|0x0000000088d00000, 0x0000000088d00000, 0x0000000088e00000|  0%| F|  |TAMS 0x0000000088d00000, 0x0000000088d00000| Untracked 
| 106|0x0000000088e00000, 0x0000000088e00000, 0x0000000088f00000|  0%| F|  |TAMS 0x0000000088e00000, 0x0000000088e00000| Untracked 
| 107|0x0000000088f00000, 0x0000000088f00000, 0x0000000089000000|  0%| F|  |TAMS 0x0000000088f00000, 0x0000000088f00000| Untracked 
| 108|0x0000000089000000, 0x0000000089000000, 0x0000000089100000|  0%| F|  |TAMS 0x0000000089000000, 0x0000000089000000| Untracked 
| 109|0x0000000089100000, 0x0000000089100000, 0x0000000089200000|  0%| F|  |TAMS 0x0000000089100000, 0x0000000089100000| Untracked 
| 110|0x0000000089200000, 0x0000000089200000, 0x0000000089300000|  0%| F|  |TAMS 0x0000000089200000, 0x0000000089200000| Untracked 
| 111|0x0000000089300000, 0x0000000089300000, 0x0000000089400000|  0%| F|  |TAMS 0x0000000089300000, 0x0000000089300000| Untracked 
| 112|0x0000000089400000, 0x0000000089400000, 0x0000000089500000|  0%| F|  |TAMS 0x0000000089400000, 0x0000000089400000| Untracked 
| 113|0x0000000089500000, 0x0000000089500000, 0x0000000089600000|  0%| F|  |TAMS 0x0000000089500000, 0x0000000089500000| Untracked 
| 114|0x0000000089600000, 0x0000000089600000, 0x0000000089700000|  0%| F|  |TAMS 0x0000000089600000, 0x0000000089600000| Untracked 
| 115|0x0000000089700000, 0x0000000089700000, 0x0000000089800000|  0%| F|  |TAMS 0x0000000089700000, 0x0000000089700000| Untracked 
| 116|0x0000000089800000, 0x0000000089800000, 0x0000000089900000|  0%| F|  |TAMS 0x0000000089800000, 0x0000000089800000| Untracked 
| 117|0x0000000089900000, 0x0000000089900000, 0x0000000089a00000|  0%| F|  |TAMS 0x0000000089900000, 0x0000000089900000| Untracked 
| 118|0x0000000089a00000, 0x0000000089a00000, 0x0000000089b00000|  0%| F|  |TAMS 0x0000000089a00000, 0x0000000089a00000| Untracked 
| 119|0x0000000089b00000, 0x0000000089b00000, 0x0000000089c00000|  0%| F|  |TAMS 0x0000000089b00000, 0x0000000089b00000| Untracked 
| 120|0x0000000089c00000, 0x0000000089c00000, 0x0000000089d00000|  0%| F|  |TAMS 0x0000000089c00000, 0x0000000089c00000| Untracked 
| 121|0x0000000089d00000, 0x0000000089d00000, 0x0000000089e00000|  0%| F|  |TAMS 0x0000000089d00000, 0x0000000089d00000| Untracked 
| 122|0x0000000089e00000, 0x0000000089e00000, 0x0000000089f00000|  0%| F|  |TAMS 0x0000000089e00000, 0x0000000089e00000| Untracked 
| 123|0x0000000089f00000, 0x0000000089f00000, 0x000000008a000000|  0%| F|  |TAMS 0x0000000089f00000, 0x0000000089f00000| Untracked 
| 124|0x000000008a000000, 0x000000008a000000, 0x000000008a100000|  0%| F|  |TAMS 0x000000008a000000, 0x000000008a000000| Untracked 
| 125|0x000000008a100000, 0x000000008a100000, 0x000000008a200000|  0%| F|  |TAMS 0x000000008a100000, 0x000000008a100000| Untracked 

Card table byte_map: [0x0000027731780000,0x0000027731b70000] _byte_map_base: 0x000002773136e000

Marking Bits (Prev, Next): (CMBitMap*) 0x0000027717e370d8, (CMBitMap*) 0x0000027717e37110
 Prev Bits: [0x0000027731f60000, 0x0000027733ed0000)
 Next Bits: [0x0000027733ed0000, 0x0000027735e40000)

Polling page: 0x0000027717ed0000

Metaspace:

Usage:
  Non-class:     43.22 MB capacity,    42.95 MB (>99%) used,   204.73 KB ( <1%) free+waste,    74.44 KB ( <1%) overhead. 
      Class:      5.92 MB capacity,     5.68 MB ( 96%) used,   211.17 KB (  3%) free+waste,    32.38 KB ( <1%) overhead. 
       Both:     49.14 MB capacity,    48.63 MB ( 99%) used,   415.90 KB ( <1%) free+waste,   106.81 KB ( <1%) overhead. 

Virtual space:
  Non-class space:       44.00 MB reserved,      43.33 MB ( 98%) committed 
      Class space:        1.00 GB reserved,       6.00 MB ( <1%) committed 
             Both:        1.04 GB reserved,      49.33 MB (  5%) committed 

Chunk freelists:
   Non-Class:  5.75 KB
       Class:  2.63 KB
        Both:  8.38 KB

CodeHeap 'non-profiled nmethods': size=120000Kb used=2109Kb max_used=2109Kb free=117890Kb
 bounds [0x0000027729400000, 0x0000027729670000, 0x0000027730930000]
CodeHeap 'profiled nmethods': size=120000Kb used=9528Kb max_used=9528Kb free=110472Kb
 bounds [0x0000027721ed0000, 0x0000027722820000, 0x0000027729400000]
CodeHeap 'non-nmethods': size=5760Kb used=1205Kb max_used=1256Kb free=4555Kb
 bounds [0x0000027721930000, 0x0000027721ba0000, 0x0000027721ed0000]
 total_blobs=5824 nmethods=4231 adapters=468
 compilation: enabled
              stopped_count=0, restarted_count=0
 full_count=0

Compilation events (10 events):
Event: 8.390 Thread 0x0000027738940000 nmethod 4256 0x000002772960e710 code [0x000002772960e8c0, 0x000002772960e9b8]
Event: 8.390 Thread 0x0000027738940000 4251       1       org.jetbrains.kotlin.load.kotlin.header.KotlinClassHeader::getMetadataVersion (5 bytes)
Event: 8.390 Thread 0x0000027738940000 nmethod 4251 0x000002772960ea90 code [0x000002772960ec40, 0x000002772960ed58]
Event: 8.390 Thread 0x0000027738940000 4257       1       org.jetbrains.kotlin.metadata.jvm.JvmProtoBuf$JvmMethodSignature::getDesc (5 bytes)
Event: 8.390 Thread 0x0000027738940000 nmethod 4257 0x000002772960ee10 code [0x000002772960efc0, 0x000002772960f0d8]
Event: 8.390 Thread 0x0000027738940000 4259   !   3       org.jetbrains.kotlin.metadata.ProtoBuf$TypeParameter::<init> (662 bytes)
Event: 8.399 Thread 0x0000027738940000 nmethod 4259 0x0000027722813210 code [0x0000027722813c00, 0x000002772281b4b0]
Event: 8.399 Thread 0x0000027738940000 4276       1       org.jetbrains.kotlin.protobuf.GeneratedMessageLite$Builder::setUnknownFields (7 bytes)
Event: 8.399 Thread 0x0000027738940000 nmethod 4276 0x000002772960f190 code [0x000002772960f340, 0x000002772960f4b8]
Event: 8.399 Thread 0x0000027738940000 4266   !   3       org.jetbrains.kotlin.metadata.ProtoBuf$Annotation::<init> (344 bytes)

GC Heap History (10 events):
Event: 2.967 GC heap after
{Heap after GC invocations=2 (full 0):
 garbage-first heap   total 129024K, used 9522K [0x0000000082400000, 0x0000000100000000)
  region size 1024K, 7 young (7168K), 7 survivors (7168K)
 Metaspace       used 20886K, capacity 21086K, committed 21296K, reserved 1069056K
  class space    used 2228K, capacity 2312K, committed 2432K, reserved 1048576K
}
Event: 4.355 GC heap before
{Heap before GC invocations=3 (full 0):
 garbage-first heap   total 129024K, used 64818K [0x0000000082400000, 0x0000000100000000)
  region size 1024K, 56 young (57344K), 7 survivors (7168K)
 Metaspace       used 32290K, capacity 32639K, committed 32816K, reserved 1077248K
  class space    used 4043K, capacity 4214K, committed 4224K, reserved 1048576K
}
Event: 4.384 GC heap after
{Heap after GC invocations=4 (full 0):
 garbage-first heap   total 129024K, used 25622K [0x0000000082400000, 0x0000000100000000)
  region size 1024K, 7 young (7168K), 7 survivors (7168K)
 Metaspace       used 32290K, capacity 32639K, committed 32816K, reserved 1077248K
  class space    used 4043K, capacity 4214K, committed 4224K, reserved 1048576K
}
Event: 4.521 GC heap before
{Heap before GC invocations=4 (full 0):
 garbage-first heap   total 129024K, used 30742K [0x0000000082400000, 0x0000000100000000)
  region size 1024K, 12 young (12288K), 7 survivors (7168K)
 Metaspace       used 33704K, capacity 34079K, committed 34352K, reserved 1079296K
  class space    used 4202K, capacity 4374K, committed 4480K, reserved 1048576K
}
Event: 4.535 GC heap after
{Heap after GC invocations=5 (full 0):
 garbage-first heap   total 129024K, used 27473K [0x0000000082400000, 0x0000000100000000)
  region size 1024K, 1 young (1024K), 1 survivors (1024K)
 Metaspace       used 33704K, capacity 34079K, committed 34352K, reserved 1079296K
  class space    used 4202K, capacity 4374K, committed 4480K, reserved 1048576K
}
Event: 4.814 GC heap before
{Heap before GC invocations=5 (full 0):
 garbage-first heap   total 129024K, used 35665K [0x0000000082400000, 0x0000000100000000)
  region size 1024K, 10 young (10240K), 1 survivors (1024K)
 Metaspace       used 35365K, capacity 35723K, committed 35920K, reserved 1081344K
  class space    used 4373K, capacity 4538K, committed 4608K, reserved 1048576K
}
Event: 4.817 GC heap after
{Heap after GC invocations=6 (full 0):
 garbage-first heap   total 129024K, used 25961K [0x0000000082400000, 0x0000000100000000)
  region size 1024K, 2 young (2048K), 2 survivors (2048K)
 Metaspace       used 35365K, capacity 35723K, committed 35920K, reserved 1081344K
  class space    used 4373K, capacity 4538K, committed 4608K, reserved 1048576K
}
Event: 6.211 GC heap before
{Heap before GC invocations=7 (full 0):
 garbage-first heap   total 129024K, used 67945K [0x0000000082400000, 0x0000000100000000)
  region size 1024K, 43 young (44032K), 2 survivors (2048K)
 Metaspace       used 43751K, capacity 44225K, committed 44368K, reserved 1089536K
  class space    used 5168K, capacity 5360K, committed 5376K, reserved 1048576K
}
Event: 6.220 GC heap after
{Heap after GC invocations=8 (full 0):
 garbage-first heap   total 129024K, used 30394K [0x0000000082400000, 0x0000000100000000)
  region size 1024K, 6 young (6144K), 6 survivors (6144K)
 Metaspace       used 43751K, capacity 44225K, committed 44368K, reserved 1089536K
  class space    used 5168K, capacity 5360K, committed 5376K, reserved 1048576K
}
Event: 8.402 GC heap before
{Heap before GC invocations=8 (full 0):
 garbage-first heap   total 129024K, used 77498K [0x0000000082400000, 0x0000000100000000)
  region size 1024K, 49 young (50176K), 6 survivors (6144K)
 Metaspace       used 49794K, capacity 50317K, committed 50512K, reserved 1093632K
  class space    used 5815K, capacity 6059K, committed 6144K, reserved 1048576K
}

Deoptimization events (10 events):
Event: 8.064 Thread 0x0000027717df9000 Uncommon trap: reason=unstable_if action=reinterpret pc=0x00000277295ed018 method=gnu.trove.THash.postInsertHook(Z)V @ 1 c2
Event: 8.064 Thread 0x0000027717df9000 Uncommon trap: reason=class_check action=maybe_recompile pc=0x000002772955cb8c method=org.jetbrains.kotlin.com.intellij.psi.impl.source.tree.TreeElement.rawRemoveUpToWithoutNotifications(Lorg/jetbrains/kotlin/com/intellij/psi/impl/source/tree/TreeElement;
Event: 8.165 Thread 0x0000027717df9000 Uncommon trap: reason=class_check action=maybe_recompile pc=0x000002772955cb8c method=org.jetbrains.kotlin.com.intellij.psi.impl.source.tree.TreeElement.rawRemoveUpToWithoutNotifications(Lorg/jetbrains/kotlin/com/intellij/psi/impl/source/tree/TreeElement;
Event: 8.171 Thread 0x0000027717df9000 Uncommon trap: reason=unstable_if action=reinterpret pc=0x0000027729601af8 method=org.jetbrains.kotlin.com.intellij.lang.ASTFactory.composite(Lorg/jetbrains/kotlin/com/intellij/psi/tree/IElementType;)Lorg/jetbrains/kotlin/com/intellij/psi/impl/source/tree
Event: 8.173 Thread 0x0000027717df9000 Uncommon trap: reason=class_check action=maybe_recompile pc=0x000002772955cb8c method=org.jetbrains.kotlin.com.intellij.psi.impl.source.tree.TreeElement.rawRemoveUpToWithoutNotifications(Lorg/jetbrains/kotlin/com/intellij/psi/impl/source/tree/TreeElement;
Event: 8.192 Thread 0x0000027717df9000 Uncommon trap: reason=unstable_if action=reinterpret pc=0x000002772960125c method=org.jetbrains.kotlin.com.intellij.lang.ASTFactory.composite(Lorg/jetbrains/kotlin/com/intellij/psi/tree/IElementType;)Lorg/jetbrains/kotlin/com/intellij/psi/impl/source/tree
Event: 8.196 Thread 0x0000027717df9000 Uncommon trap: reason=class_check action=maybe_recompile pc=0x00000277295f7c4c method=org.jetbrains.kotlin.com.intellij.openapi.vfs.VirtualFile.getExtension()Ljava/lang/String; @ 1 c2
Event: 8.196 Thread 0x0000027717df9000 Uncommon trap: reason=class_check action=maybe_recompile pc=0x00000277295f7c4c method=org.jetbrains.kotlin.com.intellij.openapi.vfs.VirtualFile.getExtension()Ljava/lang/String; @ 1 c2
Event: 8.197 Thread 0x0000027717df9000 Uncommon trap: reason=class_check action=maybe_recompile pc=0x00000277295f7c4c method=org.jetbrains.kotlin.com.intellij.openapi.vfs.VirtualFile.getExtension()Ljava/lang/String; @ 1 c2
Event: 8.197 Thread 0x0000027717df9000 Uncommon trap: reason=class_check action=maybe_recompile pc=0x00000277295f7c4c method=org.jetbrains.kotlin.com.intellij.openapi.vfs.VirtualFile.getExtension()Ljava/lang/String; @ 1 c2

Classes redefined (0 events):
No events

Internal exceptions (10 events):
Event: 3.327 Thread 0x0000027717df9000 Exception <a 'sun/nio/fs/WindowsException'{0x00000000893f68e8}> (0x00000000893f68e8) thrown at [t:/workspace/open/src/hotspot/share/prims/jni.cpp, line 615]
Event: 3.329 Thread 0x0000027717df9000 Exception <a 'java/lang/NoSuchMethodError'{0x00000000893fd160}: java.lang.invoke.DirectMethodHandle$Holder.invokeStatic(Ljava/lang/Object;Ljava/lang/Object;Ljava/lang/Object;Ljava/lang/Object;)V> (0x00000000893fd160) thrown at [t:/workspace/open/src/hotsp
Event: 3.401 Thread 0x0000027717df9000 Exception <a 'java/lang/NoSuchMethodError'{0x0000000088e5c9d0}: java.lang.invoke.DirectMethodHandle$Holder.invokeStaticInit(Ljava/lang/Object;Ljava/lang/Object;)V> (0x0000000088e5c9d0) thrown at [t:/workspace/open/src/hotspot/share/interpreter/linkResolve
Event: 3.515 Thread 0x0000027717df9000 Exception <a 'java/lang/NoSuchMethodError'{0x0000000088a79820}: java.lang.invoke.DirectMethodHandle$Holder.invokeVirtual(Ljava/lang/Object;Ljava/lang/Object;)V> (0x0000000088a79820) thrown at [t:/workspace/open/src/hotspot/share/interpreter/linkResolver.c
Event: 3.533 Thread 0x0000027717df9000 Exception <a 'java/lang/NoSuchMethodError'{0x0000000088af78e0}: java.lang.invoke.DirectMethodHandle$Holder.invokeVirtual(Ljava/lang/Object;Ljava/lang/Object;)I> (0x0000000088af78e0) thrown at [t:/workspace/open/src/hotspot/share/interpreter/linkResolver.c
Event: 4.701 Thread 0x0000027717df9000 Exception <a 'java/lang/NoSuchMethodError'{0x0000000089b48d20}: java.lang.invoke.DirectMethodHandle$Holder.invokeVirtual(Ljava/lang/Object;Ljava/lang/Object;Ljava/lang/Object;)Ljava/lang/Object;> (0x0000000089b48d20) thrown at [t:/workspace/open/src/hotsp
Event: 5.850 Thread 0x0000027717df9000 Exception <a 'java/lang/NoSuchMethodError'{0x0000000087c76928}: java.lang.invoke.Invokers$Holder.linkToTargetMethod(Ljava/lang/Object;ILjava/lang/Object;)Ljava/lang/Object;> (0x0000000087c76928) thrown at [t:/workspace/open/src/hotspot/share/interpreter/l
Event: 6.360 Thread 0x0000027717df9000 Exception <a 'java/lang/NoSuchMethodError'{0x000000008a0fd450}: java.lang.invoke.DirectMethodHandle$Holder.invokeStatic(Ljava/lang/Object;Ljava/lang/Object;Ljava/lang/Object;I)Ljava/lang/Object;> (0x000000008a0fd450) thrown at [t:/workspace/open/src/hotsp
Event: 6.361 Thread 0x0000027717df9000 Exception <a 'java/lang/NoSuchMethodError'{0x0000000089f015d0}: java.lang.invoke.DirectMethodHandle$Holder.invokeSpecial(Ljava/lang/Object;Ljava/lang/Object;Ljava/lang/Object;Ljava/lang/Object;I)Ljava/lang/Object;> (0x0000000089f015d0) thrown at [t:/works
Event: 6.363 Thread 0x0000027717df9000 Exception <a 'java/lang/NoSuchMethodError'{0x0000000089f048d8}: java.lang.invoke.Invokers$Holder.linkToTargetMethod(Ljava/lang/Object;Ljava/lang/Object;ILjava/lang/Object;)Ljava/lang/Object;> (0x0000000089f048d8) thrown at [t:/workspace/open/src/hotspot/s

Events (10 events):
Event: 8.196 Thread 0x0000027717df9000 DEOPT UNPACKING pc=0x0000027721958f2f sp=0x0000008d5a1fba28 mode 2
Event: 8.197 Thread 0x0000027717df9000 Uncommon trap: trap_request=0xffffffde fr.pc=0x00000277295f7c4c relative=0x000000000000056c
Event: 8.197 Thread 0x0000027717df9000 DEOPT PACKING pc=0x00000277295f7c4c sp=0x0000008d5a1fba50
Event: 8.197 Thread 0x0000027717df9000 DEOPT UNPACKING pc=0x0000027721958f2f sp=0x0000008d5a1fba28 mode 2
Event: 8.197 Thread 0x0000027717df9000 Uncommon trap: trap_request=0xffffffde fr.pc=0x00000277295f7c4c relative=0x000000000000056c
Event: 8.197 Thread 0x0000027717df9000 DEOPT PACKING pc=0x00000277295f7c4c sp=0x0000008d5a1fba50
Event: 8.197 Thread 0x0000027717df9000 DEOPT UNPACKING pc=0x0000027721958f2f sp=0x0000008d5a1fba28 mode 2
Event: 8.245 Thread 0x0000027717df9000 DEOPT PACKING pc=0x00000277225f56ff sp=0x0000008d5a1fbfc0
Event: 8.245 Thread 0x0000027717df9000 DEOPT UNPACKING pc=0x0000027721958d4e sp=0x0000008d5a1fb410 mode 0
Event: 8.402 Executing VM operation: G1CollectForAllocation


Dynamic libraries:
0x00007ff75cb80000 - 0x00007ff75cbc7000 	C:\Program Files\Java\jdk-11.0.1\bin\java.exe
0x00007fff4c830000 - 0x00007fff4ca44000 	C:\WINDOWS\SYSTEM32\ntdll.dll
0x00007fff4b390000 - 0x00007fff4b453000 	C:\WINDOWS\System32\KERNEL32.DLL
0x00007fff4a1e0000 - 0x00007fff4a57c000 	C:\WINDOWS\System32\KERNELBASE.dll
0x00007fff4ac70000 - 0x00007fff4ad1e000 	C:\WINDOWS\System32\ADVAPI32.dll
0x00007fff4a7e0000 - 0x00007fff4a887000 	C:\WINDOWS\System32\msvcrt.dll
0x00007fff4bb80000 - 0x00007fff4bc24000 	C:\WINDOWS\System32\sechost.dll
0x00007fff4c670000 - 0x00007fff4c785000 	C:\WINDOWS\System32\RPCRT4.dll
0x00007fff4c4c0000 - 0x00007fff4c66d000 	C:\WINDOWS\System32\USER32.dll
0x00007fff49d90000 - 0x00007fff49db6000 	C:\WINDOWS\System32\win32u.dll
0x00007fff4b550000 - 0x00007fff4b579000 	C:\WINDOWS\System32\GDI32.dll
0x00007fff49c70000 - 0x00007fff49d82000 	C:\WINDOWS\System32\gdi32full.dll
0x00007fff49f50000 - 0x00007fff49fea000 	C:\WINDOWS\System32\msvcp_win.dll
0x00007fff49e30000 - 0x00007fff49f41000 	C:\WINDOWS\System32\ucrtbase.dll
0x00007fff30af0000 - 0x00007fff30d7e000 	C:\WINDOWS\WinSxS\amd64_microsoft.windows.common-controls_6595b64144ccf1df_6.0.22621.608_none_a9444ca7c10bb01d\COMCTL32.dll
0x00007fff41880000 - 0x00007fff4188a000 	C:\WINDOWS\SYSTEM32\VERSION.dll
0x00007fff4bae0000 - 0x00007fff4bb12000 	C:\WINDOWS\System32\IMM32.DLL
0x00007fff21a00000 - 0x00007fff21a16000 	C:\Program Files\Java\jdk-11.0.1\bin\vcruntime140.dll
0x00007fff04890000 - 0x00007fff0493a000 	C:\Program Files\Java\jdk-11.0.1\bin\msvcp140.dll
0x00007fff00e10000 - 0x00007fff01952000 	C:\Program Files\Java\jdk-11.0.1\bin\server\jvm.dll
0x00007fff4aef0000 - 0x00007fff4aef8000 	C:\WINDOWS\System32\PSAPI.DLL
0x00007fff34ed0000 - 0x00007fff34ed9000 	C:\WINDOWS\SYSTEM32\WSOCK32.dll
0x00007fff4b980000 - 0x00007fff4b9f1000 	C:\WINDOWS\System32\WS2_32.dll
0x00007fff42890000 - 0x00007fff428c4000 	C:\WINDOWS\SYSTEM32\WINMM.dll
0x00007fff48cc0000 - 0x00007fff48cd8000 	C:\WINDOWS\SYSTEM32\kernel.appcore.dll
0x00007fff21760000 - 0x00007fff21771000 	C:\Program Files\Java\jdk-11.0.1\bin\verify.dll
0x00007fff47700000 - 0x00007fff4792e000 	C:\WINDOWS\SYSTEM32\DBGHELP.DLL
0x00007fff4b580000 - 0x00007fff4b90a000 	C:\WINDOWS\System32\combase.dll
0x00007fff4ba00000 - 0x00007fff4bad7000 	C:\WINDOWS\System32\OLEAUT32.dll
0x00007fff385f0000 - 0x00007fff38622000 	C:\WINDOWS\SYSTEM32\dbgcore.DLL
0x00007fff4a160000 - 0x00007fff4a1db000 	C:\WINDOWS\System32\bcryptPrimitives.dll
0x00007fff19d50000 - 0x00007fff19d79000 	C:\Program Files\Java\jdk-11.0.1\bin\java.dll
0x00007fff20ce0000 - 0x00007fff20cf6000 	C:\Program Files\Java\jdk-11.0.1\bin\zip.dll
0x00007fff328c0000 - 0x00007fff328ca000 	C:\Program Files\Java\jdk-11.0.1\bin\jimage.dll
0x00007fff4bc50000 - 0x00007fff4c43f000 	C:\WINDOWS\System32\SHELL32.dll
0x00007fff47c90000 - 0x00007fff48558000 	C:\WINDOWS\SYSTEM32\windows.storage.dll
0x00007fff47b50000 - 0x00007fff47c8e000 	C:\WINDOWS\SYSTEM32\wintypes.dll
0x00007fff4aa50000 - 0x00007fff4ab41000 	C:\WINDOWS\System32\SHCORE.dll
0x00007fff4bb20000 - 0x00007fff4bb7e000 	C:\WINDOWS\System32\shlwapi.dll
0x00007fff49ba0000 - 0x00007fff49bc1000 	C:\WINDOWS\SYSTEM32\profapi.dll
0x00007fff220d0000 - 0x00007fff220e9000 	C:\Program Files\Java\jdk-11.0.1\bin\net.dll
0x00007fff41050000 - 0x00007fff4117f000 	C:\WINDOWS\SYSTEM32\WINHTTP.dll
0x00007fff49130000 - 0x00007fff49199000 	C:\WINDOWS\system32\mswsock.dll
0x00007fff220b0000 - 0x00007fff220c3000 	C:\Program Files\Java\jdk-11.0.1\bin\nio.dll

dbghelp: loaded successfully - version: 4.0.5 - missing functions: none
symbol engine: initialized successfully - sym options: 0x614 - pdb path: .;C:\Program Files\Java\jdk-11.0.1\bin;C:\WINDOWS\SYSTEM32;C:\WINDOWS\WinSxS\amd64_microsoft.windows.common-controls_6595b64144ccf1df_6.0.22621.608_none_a9444ca7c10bb01d;C:\Program Files\Java\jdk-11.0.1\bin\server

VM Arguments:
java_command: org.jetbrains.kotlin.cli.jvm.K2JVMCompiler @D:\Siten\SIDOC\sidoc-mobile\node_modules\react-native-screens\android\build\20230312_5548765275585407609.compiler.options
java_class_path (initial): C:\Users\DELL\.gradle\caches\modules-2\files-2.1\org.jetbrains.kotlin\kotlin-compiler-embeddable\1.6.21\97bdd5a752ce73b58ef16c17bc7f0ea2faff7a2e\kotlin-compiler-embeddable-1.6.21.jar;C:\Users\DELL\.gradle\caches\modules-2\files-2.1\org.jetbrains.kotlin\kotlin-reflect\1.6.21\5dc3574d9b7bebfcb4ec6b10ada4aaa9e140bd0b\kotlin-reflect-1.6.21.jar;C:\Users\DELL\.gradle\caches\modules-2\files-2.1\org.jetbrains.kotlin\kotlin-stdlib\1.6.21\11ef67f1900634fd951bad28c53ec957fabbe5b8\kotlin-stdlib-1.6.21.jar;C:\Users\DELL\.gradle\caches\modules-2\files-2.1\org.jetbrains.kotlin\kotlin-script-runtime\1.6.21\99c6675100da5d6d5b1c5a1032f27f28008d101b\kotlin-script-runtime-1.6.21.jar;C:\Users\DELL\.gradle\caches\modules-2\files-2.1\org.jetbrains.kotlin\kotlin-daemon-embeddable\1.6.21\46b78cf392e1c4f10854c3cadba44abb7b82250f\kotlin-daemon-embeddable-1.6.21.jar;C:\Users\DELL\.gradle\caches\modules-2\files-2.1\org.jetbrains.intellij.deps\trove4j\1.0.20200330\3afb14d5f9ceb459d724e907a21145e8ff394f02\trove4j-1.0.20200330.jar;C:\Users\DELL\.gradle\caches\modules-2\files-2.1\net.java.dev.jna\jna\5.6.0\330f2244e9030119ab3030fc3fededc86713d9cc\jna-5.6.0.jar;C:\Users\DELL\.gradle\caches\modules-2\files-2.1\org.jetbrains.kotlin\kotlin-stdlib-common\1.6.21\5e5b55c26dbc80372a920aef60eb774b714559b8\kotlin-stdlib-common-1.6.21.jar;C:\Users\DELL\.gradle\caches\modules-2\files-2.1\org.jetbrains\annotations\13.0\919f0dfe192fb4e063e7dacadee7f8bb9a2672a9\annotations-13.0.jar
Launcher Type: SUN_STANDARD

[Global flags]
     intx CICompilerCount                          = 4                                         {product} {ergonomic}
     uint ConcGCThreads                            = 2                                         {product} {ergonomic}
     uint G1ConcRefinementThreads                  = 8                                         {product} {ergonomic}
   size_t G1HeapRegionSize                         = 1048576                                   {product} {ergonomic}
    uintx GCDrainStackTargetSize                   = 64                                        {product} {ergonomic}
   size_t InitialHeapSize                          = 132120576                                 {product} {ergonomic}
   size_t MarkStackSize                            = 4194304                                   {product} {ergonomic}
   size_t MaxHeapSize                              = 2109734912                                {product} {ergonomic}
   size_t MaxNewSize                               = 1265631232                                {product} {ergonomic}
   size_t MinHeapDeltaBytes                        = 1048576                                   {product} {ergonomic}
    uintx NonNMethodCodeHeapSize                   = 5835340                                {pd product} {ergonomic}
    uintx NonProfiledCodeHeapSize                  = 122911450                              {pd product} {ergonomic}
    uintx ProfiledCodeHeapSize                     = 122911450                              {pd product} {ergonomic}
    uintx ReservedCodeCacheSize                    = 251658240                              {pd product} {ergonomic}
     bool SegmentedCodeCache                       = true                                      {product} {ergonomic}
     bool UseCompressedClassPointers               = true                                 {lp64_product} {ergonomic}
     bool UseCompressedOops                        = true                                 {lp64_product} {ergonomic}
     bool UseG1GC                                  = true                                      {product} {ergonomic}
     bool UseLargePagesIndividualAllocation        = false                                  {pd product} {ergonomic}

Logging:
Log output configuration:
 #0: stdout all=warning uptime,level,tags
 #1: stderr all=off uptime,level,tags

Environment Variables:
JAVA_HOME=C:\Program Files\Java\jdk-11.0.1
CLASSPATH=D:\Siten\SIDOC\sidoc-mobile\android\\gradle\wrapper\gradle-wrapper.jar
PATH=D:\Siten\SIDOC\sidoc-mobile\android\node_modules\.bin;D:\Siten\SIDOC\sidoc-mobile\node_modules\.bin;D:\Siten\SIDOC\node_modules\.bin;D:\Siten\node_modules\.bin;D:\node_modules\.bin;D:\nodejs;D:\Siten\SIDOC\sidoc-mobile\node_modules\.bin;D:\Siten\SIDOC\sidoc-mobile\node_modules\.bin;D:\Siten\SIDOC\node_modules\.bin;D:\Siten\node_modules\.bin;D:\node_modules\.bin;D:\nodejs\node_modules\npm\node_modules\@npmcli\run-script\lib\node-gyp-bin;D:\nodejs\;D:\git\Git\cmd;D:\Android\Sdk\platform-tools;D:\Android\Sdk;C:\WINDOWS\system32;C:\WINDOWS;C:\WINDOWS\System32\Wbem;C:\WINDOWS\System32\WindowsPowerShell\v1.0\;C:\WINDOWS\System32\OpenSSH\;C:\MinGW\bin;C:\Users\DELL\AppData\Roaming\npm;D:\nodejs;D:\newjhipster\.idea;C:\Windows\System32\WindowsPowerShell\v1.0\;C:\Windows\System32;C: \ WINDOWS \ System32 \ cmd.exe;D:\git\Git\bin;C:\Program Files\Java\jdk-11.0.1\bin;C:\Users\DELL\AppData\Local\Android\Sdk\platform-tools;D:\Application\Microsoft VS Code\bin;C:\Users\DELL\AppData\Local\JetBrains\Toolbox\scripts;;%USERPROFILE%\AppData\Local\Microsoft\WindowsApps
USERNAME=DELL
OS=Windows_NT
PROCESSOR_IDENTIFIER=Intel64 Family 6 Model 142 Stepping 12, GenuineIntel



---------------  S Y S T E M  ---------------

OS: Windows 10 , 64 bit Build 22621 (10.0.22621.1194)

CPU:total 8 (initial active 8) (4 cores per cpu, 2 threads per core) family 6 model 142 stepping 12, cmov, cx8, fxsr, mmx, sse, sse2, sse3, ssse3, sse4.1, sse4.2, popcnt, avx, avx2, aes, clmul, erms, 3dnowpref, lzcnt, ht, tsc, tscinvbit, bmi1, bmi2, adx, fma

Memory: 4k page, system-wide physical 8040M (580M free)
TotalPageFile size 20996M (AvailPageFile size 295M)
current process WorkingSet (physical memory assigned to process): 277M, peak: 277M
current process commit charge ("private bytes"): 348M, peak: 374M

vm_info: Java HotSpot(TM) 64-Bit Server VM (11.0.1+13-LTS) for windows-amd64 JRE (11.0.1+13-LTS), built on Oct  6 2018 13:20:16 by "mach5one" with MS VC++ 15.5 (VS2017)

END.
