#
# There is insufficient memory for the Java Runtime Environment to continue.
# Native memory allocation (mmap) failed to map 32505856 bytes for Failed to commit area from 0x000000008a200000 to 0x000000008c100000 of length 32505856.
# Possible reasons:
#   The system is out of physical RAM or swap space
#   The process is running with CompressedOops enabled, and the Java Heap may be blocking the growth of the native heap
# Possible solutions:
#   Reduce memory load on the system
#   Increase physical memory or swap space
#   Check if swap backing store is full
#   Decrease Java heap size (-Xmx/-Xms)
#   Decrease number of Java threads
#   Decrease Java thread stack sizes (-Xss)
#   Set larger code cache with -XX:ReservedCodeCacheSize=
#   JVM is running with Unscaled Compressed Oops mode in which the Java heap is
#     placed in the first 4GB address space. The Java Heap base address is the
#     maximum limit for the native heap growth. Please use -XX:HeapBaseMinAddress
#     to set the Java Heap base and to place the Java Heap above 4GB virtual address.
# This output file may be truncated or incomplete.
#
#  Out of Memory Error (t:/workspace/open/src/hotspot/os/windows/os_windows.cpp:3269), pid=20800, tid=20880
#
# JRE version: Java(TM) SE Runtime Environment (11.0.1+13) (build 11.0.1+13-LTS)
# Java VM: Java HotSpot(TM) 64-Bit Server VM (11.0.1+13-LTS, mixed mode, tiered, compressed oops, g1 gc, windows-amd64)
# No core dump will be written. Minidumps are not enabled by default on client versions of Windows
#

---------------  S U M M A R Y ------------

Command Line: org.jetbrains.kotlin.cli.jvm.K2JVMCompiler @D:\Siten\SIDOC\sidoc-mobile\node_modules\react-native-gesture-handler\android\build\20230312_13326901051916647968.compiler.options

Host: Intel(R) Core(TM) i5-10210U CPU @ 1.60GHz, 8 cores, 7G,  Windows 10 , 64 bit Build 22621 (10.0.22621.1194)
Time: Sun Mar 12 11:03:03 2023 SE Asia Standard Time elapsed time: 2 seconds (0d 0h 0m 2s)

---------------  T H R E A D  ---------------

Current thread (0x00000227001ae000):  VMThread "VM Thread" [stack: 0x000000a9fed00000,0x000000a9fee00000] [id=20880]

Stack: [0x000000a9fed00000,0x000000a9fee00000]
[error occurred during error reporting (printing stack bounds), id 0xc0000005, EXCEPTION_ACCESS_VIOLATION (0xc0000005) at pc=0x0000022769900bad]

Native frames: (J=compiled Java code, j=interpreted, Vv=VM code, C=native code)
V  [jvm.dll+0x63c21a]
V  [jvm.dll+0x7797df]
V  [jvm.dll+0x77adca]
V  [jvm.dll+0x77b3e5]
V  [jvm.dll+0x77b39b]
V  [jvm.dll+0x63b916]
V  [jvm.dll+0x63bce8]
C  [ntdll.dll+0xa3eaf]
C  [ntdll.dll+0x1eae6]
C  [ntdll.dll+0xa2e9e]
C  0x0000022769900bad

VM_Operation (0x000000a9fe7fb7a0): G1CollectForAllocation, mode: safepoint, requested by thread 0x00000227615d8800


---------------  P R O C E S S  ---------------

Threads class SMR info:
_java_thread_list=0x0000022700cd6cb0, length=12, elements={
0x00000227615d8800, 0x00000227001b0000, 0x00000227001b2000, 0x00000227001ed000,
0x00000227001ee800, 0x00000227001f0800, 0x00000227001f1800, 0x0000022700b00800,
0x0000022700cb6800, 0x0000022700cc4800, 0x0000022700cd6000, 0x0000022700cd7000
}

Java Threads: ( => current thread )
  0x00000227615d8800 JavaThread "main" [_thread_blocked, id=19508, stack(0x000000a9fe700000,0x000000a9fe800000)]
  0x00000227001b0000 JavaThread "Reference Handler" daemon [_thread_blocked, id=8340, stack(0x000000a9fee00000,0x000000a9fef00000)]
  0x00000227001b2000 JavaThread "Finalizer" daemon [_thread_blocked, id=5660, stack(0x000000a9fef00000,0x000000a9ff000000)]
  0x00000227001ed000 JavaThread "Signal Dispatcher" daemon [_thread_blocked, id=22332, stack(0x000000a9ff000000,0x000000a9ff100000)]
  0x00000227001ee800 JavaThread "Attach Listener" daemon [_thread_blocked, id=18872, stack(0x000000a9ff100000,0x000000a9ff200000)]
  0x00000227001f0800 JavaThread "C2 CompilerThread0" daemon [_thread_blocked, id=8688, stack(0x000000a9ff200000,0x000000a9ff300000)]
  0x00000227001f1800 JavaThread "C1 CompilerThread0" daemon [_thread_blocked, id=10692, stack(0x000000a9ff300000,0x000000a9ff400000)]
  0x0000022700b00800 JavaThread "Sweeper thread" daemon [_thread_blocked, id=18172, stack(0x000000a9ff400000,0x000000a9ff500000)]
  0x0000022700cb6800 JavaThread "Service Thread" daemon [_thread_blocked, id=25924, stack(0x000000a9ff500000,0x000000a9ff600000)]
  0x0000022700cc4800 JavaThread "Common-Cleaner" daemon [_thread_blocked, id=21068, stack(0x000000a9ff700000,0x000000a9ff800000)]
  0x0000022700cd6000 JavaThread "C2 CompilerThread1" daemon [_thread_blocked, id=19712, stack(0x000000a9ff800000,0x000000a9ff900000)]
  0x0000022700cd7000 JavaThread "C2 CompilerThread2" daemon [_thread_blocked, id=25248, stack(0x000000a9ff900000,0x000000a9ffa00000)]

Other Threads:
=>0x00000227001ae000 VMThread "VM Thread" [stack: 0x000000a9fed00000,0x000000a9fee00000] [id=20880]
  0x0000022700cbe000 WatcherThread [stack: 0x000000a9ff600000,0x000000a9ff700000] [id=14460]
  0x00000227615ef800 GCTaskThread "GC Thread#0" [stack: 0x000000a9fe800000,0x000000a9fe900000] [id=7044]
  0x0000022701111800 GCTaskThread "GC Thread#1" [stack: 0x000000a9ffa00000,0x000000a9ffb00000] [id=16772]
  0x0000022700ead800 GCTaskThread "GC Thread#2" [stack: 0x000000a9ffb00000,0x000000a9ffc00000] [id=26964]
  0x000002276161f800 ConcurrentGCThread "G1 Main Marker" [stack: 0x000000a9fe900000,0x000000a9fea00000] [id=1188]
  0x0000022761623800 ConcurrentGCThread "G1 Conc#0" [stack: 0x000000a9fea00000,0x000000a9feb00000] [id=9988]
  0x0000022701ffc000 ConcurrentGCThread "G1 Conc#1" [stack: 0x000000a9ffc00000,0x000000a9ffd00000] [id=19368]
  0x0000022700016800 ConcurrentGCThread "G1 Refine#0" [stack: 0x000000a9feb00000,0x000000a9fec00000] [id=17372]
  0x000002270235e800 ConcurrentGCThread "G1 Refine#1" [stack: 0x000000a9ffd00000,0x000000a9ffe00000] [id=9440]
  0x0000022702673000 ConcurrentGCThread "G1 Refine#2" [stack: 0x000000a9ffe00000,0x000000a9fff00000] [id=8060]
  0x0000022705478000 ConcurrentGCThread "G1 Refine#3" [stack: 0x000000a9fff00000,0x000000aa00000000] [id=21552]
  0x0000022701606000 ConcurrentGCThread "G1 Refine#4" [stack: 0x000000a980000000,0x000000a980100000] [id=16524]
  0x0000022705864800 ConcurrentGCThread "G1 Refine#5" [stack: 0x000000a980100000,0x000000a980200000] [id=19424]
  0x0000022700019800 ConcurrentGCThread "G1 Young RemSet Sampling" [stack: 0x000000a9fec00000,0x000000a9fed00000] [id=4712]

Threads with active compile tasks:
C2 CompilerThread03343       4       org.jetbrains.kotlin.com.intellij.lang.impl.PsiBuilderImpl::insertLeaves (88 bytes)
C2 CompilerThread13304       4       org.jetbrains.kotlin.com.intellij.psi.impl.source.tree.CompositeElement::rawAddChildrenWithoutNotifications (47 bytes)
C2 CompilerThread23360       4       org.jetbrains.kotlin.com.intellij.openapi.util.text.StringUtil::getLineBreakCount (89 bytes)

VM state:at safepoint (normal execution)

VM Mutex/Monitor currently owned by a thread:  ([mutex/lock_event])
[0x00000227615d4900] Threads_lock - owner thread: 0x00000227001ae000
[0x00000227615d4cf0] Heap_lock - owner thread: 0x00000227615d8800

Heap address: 0x0000000082400000, size: 2012 MB, Compressed Oops mode: 32-bit
Narrow klass base: 0x0000000000000000, Narrow klass shift: 3
Compressed class space size: 1073741824 Address: 0x0000000100000000

Heap:
 garbage-first heap   total 160768K, used 36804K [0x0000000082400000, 0x0000000100000000)
  region size 1024K, 6 young (6144K), 6 survivors (6144K)
 Metaspace       used 42960K, capacity 43378K, committed 43648K, reserved 1087488K
  class space    used 5029K, capacity 5194K, committed 5248K, reserved 1048576K
Heap Regions: E=young(eden), S=young(survivor), O=old, HS=humongous(starts), HC=humongous(continues), CS=collection set, F=free, A=archive, TAMS=top-at-mark-start (previous, next)
|   0|0x0000000082400000, 0x0000000082500000, 0x0000000082500000|100%|HS|  |TAMS 0x0000000082500000, 0x0000000082500000| Complete 
|   1|0x0000000082500000, 0x0000000082600000, 0x0000000082600000|100%|HC|  |TAMS 0x0000000082600000, 0x0000000082600000| Complete 
|   2|0x0000000082600000, 0x0000000082700000, 0x0000000082700000|100%|HC|  |TAMS 0x0000000082700000, 0x0000000082700000| Complete 
|   3|0x0000000082700000, 0x0000000082800000, 0x0000000082800000|100%|HS|  |TAMS 0x0000000082800000, 0x0000000082800000| Complete 
|   4|0x0000000082800000, 0x0000000082900000, 0x0000000082900000|100%|HC|  |TAMS 0x0000000082900000, 0x0000000082900000| Complete 
|   5|0x0000000082900000, 0x0000000082a00000, 0x0000000082a00000|100%|HC|  |TAMS 0x0000000082a00000, 0x0000000082a00000| Complete 
|   6|0x0000000082a00000, 0x0000000082b00000, 0x0000000082b00000|100%|HS|  |TAMS 0x0000000082b00000, 0x0000000082b00000| Complete 
|   7|0x0000000082b00000, 0x0000000082c00000, 0x0000000082c00000|100%|HC|  |TAMS 0x0000000082c00000, 0x0000000082c00000| Complete 
|   8|0x0000000082c00000, 0x0000000082d00000, 0x0000000082d00000|100%|HC|  |TAMS 0x0000000082d00000, 0x0000000082d00000| Complete 
|   9|0x0000000082d00000, 0x0000000082e00000, 0x0000000082e00000|100%| O|  |TAMS 0x0000000082e00000, 0x0000000082e00000| Untracked 
|  10|0x0000000082e00000, 0x0000000082f00000, 0x0000000082f00000|100%| O|  |TAMS 0x0000000082f00000, 0x0000000082f00000| Untracked 
|  11|0x0000000082f00000, 0x0000000083000000, 0x0000000083000000|100%| O|  |TAMS 0x0000000083000000, 0x0000000083000000| Untracked 
|  12|0x0000000083000000, 0x0000000083100000, 0x0000000083100000|100%| O|  |TAMS 0x0000000083100000, 0x0000000083100000| Untracked 
|  13|0x0000000083100000, 0x0000000083100000, 0x0000000083200000|  0%| F|  |TAMS 0x0000000083100000, 0x0000000083100000| Untracked 
|  14|0x0000000083200000, 0x0000000083200000, 0x0000000083300000|  0%| F|  |TAMS 0x0000000083200000, 0x0000000083200000| Untracked 
|  15|0x0000000083300000, 0x0000000083400000, 0x0000000083400000|100%| O|  |TAMS 0x0000000083400000, 0x0000000083400000| Untracked 
|  16|0x0000000083400000, 0x0000000083500000, 0x0000000083500000|100%| O|  |TAMS 0x0000000083500000, 0x0000000083500000| Untracked 
|  17|0x0000000083500000, 0x0000000083600000, 0x0000000083600000|100%| O|  |TAMS 0x0000000083600000, 0x0000000083600000| Untracked 
|  18|0x0000000083600000, 0x0000000083700000, 0x0000000083700000|100%| O|  |TAMS 0x0000000083700000, 0x0000000083700000| Untracked 
|  19|0x0000000083700000, 0x0000000083800000, 0x0000000083800000|100%| O|  |TAMS 0x0000000083800000, 0x0000000083800000| Untracked 
|  20|0x0000000083800000, 0x0000000083900000, 0x0000000083900000|100%| O|  |TAMS 0x0000000083900000, 0x0000000083900000| Untracked 
|  21|0x0000000083900000, 0x0000000083a00000, 0x0000000083a00000|100%| O|  |TAMS 0x0000000083a00000, 0x0000000083a00000| Untracked 
|  22|0x0000000083a00000, 0x0000000083b00000, 0x0000000083b00000|100%| O|  |TAMS 0x0000000083b00000, 0x0000000083b00000| Untracked 
|  23|0x0000000083b00000, 0x0000000083c00000, 0x0000000083c00000|100%| O|  |TAMS 0x0000000083c00000, 0x0000000083c00000| Untracked 
|  24|0x0000000083c00000, 0x0000000083d00000, 0x0000000083d00000|100%| O|  |TAMS 0x0000000083d00000, 0x0000000083d00000| Untracked 
|  25|0x0000000083d00000, 0x0000000083e00000, 0x0000000083e00000|100%| O|  |TAMS 0x0000000083e00000, 0x0000000083e00000| Untracked 
|  26|0x0000000083e00000, 0x0000000083f00000, 0x0000000083f00000|100%| O|  |TAMS 0x0000000083f00000, 0x0000000083f00000| Untracked 
|  27|0x0000000083f00000, 0x0000000084000000, 0x0000000084000000|100%| O|  |TAMS 0x0000000084000000, 0x0000000084000000| Untracked 
|  28|0x0000000084000000, 0x0000000084100000, 0x0000000084100000|100%| O|  |TAMS 0x0000000084100000, 0x0000000084100000| Untracked 
|  29|0x0000000084100000, 0x0000000084200000, 0x0000000084200000|100%| O|  |TAMS 0x0000000084200000, 0x0000000084200000| Untracked 
|  30|0x0000000084200000, 0x0000000084300000, 0x0000000084300000|100%| O|  |TAMS 0x0000000084300000, 0x0000000084300000| Untracked 
|  31|0x0000000084300000, 0x0000000084400000, 0x0000000084400000|100%| O|  |TAMS 0x0000000084400000, 0x0000000084400000| Untracked 
|  32|0x0000000084400000, 0x0000000084400000, 0x0000000084500000|  0%| F|  |TAMS 0x0000000084400000, 0x0000000084400000| Untracked 
|  33|0x0000000084500000, 0x0000000084500000, 0x0000000084600000|  0%| F|  |TAMS 0x0000000084500000, 0x0000000084500000| Untracked 
|  34|0x0000000084600000, 0x0000000084600000, 0x0000000084700000|  0%| F|  |TAMS 0x0000000084600000, 0x0000000084600000| Untracked 
|  35|0x0000000084700000, 0x0000000084700000, 0x0000000084800000|  0%| F|  |TAMS 0x0000000084700000, 0x0000000084700000| Untracked 
|  36|0x0000000084800000, 0x0000000084800000, 0x0000000084900000|  0%| F|  |TAMS 0x0000000084800000, 0x0000000084800000| Untracked 
|  37|0x0000000084900000, 0x0000000084900000, 0x0000000084a00000|  0%| F|  |TAMS 0x0000000084900000, 0x0000000084900000| Untracked 
|  38|0x0000000084a00000, 0x0000000084a00000, 0x0000000084b00000|  0%| F|  |TAMS 0x0000000084a00000, 0x0000000084a00000| Untracked 
|  39|0x0000000084b00000, 0x0000000084b00000, 0x0000000084c00000|  0%| F|  |TAMS 0x0000000084b00000, 0x0000000084b00000| Untracked 
|  40|0x0000000084c00000, 0x0000000084c00000, 0x0000000084d00000|  0%| F|  |TAMS 0x0000000084c00000, 0x0000000084c00000| Untracked 
|  41|0x0000000084d00000, 0x0000000084d00000, 0x0000000084e00000|  0%| F|  |TAMS 0x0000000084d00000, 0x0000000084d00000| Untracked 
|  42|0x0000000084e00000, 0x0000000084e00000, 0x0000000084f00000|  0%| F|  |TAMS 0x0000000084e00000, 0x0000000084e00000| Untracked 
|  43|0x0000000084f00000, 0x0000000084f00000, 0x0000000085000000|  0%| F|  |TAMS 0x0000000084f00000, 0x0000000084f00000| Untracked 
|  44|0x0000000085000000, 0x0000000085000000, 0x0000000085100000|  0%| F|  |TAMS 0x0000000085000000, 0x0000000085000000| Untracked 
|  45|0x0000000085100000, 0x0000000085100000, 0x0000000085200000|  0%| F|  |TAMS 0x0000000085100000, 0x0000000085100000| Untracked 
|  46|0x0000000085200000, 0x0000000085200000, 0x0000000085300000|  0%| F|  |TAMS 0x0000000085200000, 0x0000000085200000| Untracked 
|  47|0x0000000085300000, 0x0000000085300000, 0x0000000085400000|  0%| F|  |TAMS 0x0000000085300000, 0x0000000085300000| Untracked 
|  48|0x0000000085400000, 0x0000000085400000, 0x0000000085500000|  0%| F|  |TAMS 0x0000000085400000, 0x0000000085400000| Untracked 
|  49|0x0000000085500000, 0x0000000085500000, 0x0000000085600000|  0%| F|  |TAMS 0x0000000085500000, 0x0000000085500000| Untracked 
|  50|0x0000000085600000, 0x0000000085600000, 0x0000000085700000|  0%| F|  |TAMS 0x0000000085600000, 0x0000000085600000| Untracked 
|  51|0x0000000085700000, 0x0000000085700000, 0x0000000085800000|  0%| F|  |TAMS 0x0000000085700000, 0x0000000085700000| Untracked 
|  52|0x0000000085800000, 0x0000000085800000, 0x0000000085900000|  0%| F|  |TAMS 0x0000000085800000, 0x0000000085800000| Untracked 
|  53|0x0000000085900000, 0x0000000085900000, 0x0000000085a00000|  0%| F|  |TAMS 0x0000000085900000, 0x0000000085900000| Untracked 
|  54|0x0000000085a00000, 0x0000000085a00000, 0x0000000085b00000|  0%| F|  |TAMS 0x0000000085a00000, 0x0000000085a00000| Untracked 
|  55|0x0000000085b00000, 0x0000000085b00000, 0x0000000085c00000|  0%| F|  |TAMS 0x0000000085b00000, 0x0000000085b00000| Untracked 
|  56|0x0000000085c00000, 0x0000000085c00000, 0x0000000085d00000|  0%| F|  |TAMS 0x0000000085c00000, 0x0000000085c00000| Untracked 
|  57|0x0000000085d00000, 0x0000000085d00000, 0x0000000085e00000|  0%| F|  |TAMS 0x0000000085d00000, 0x0000000085d00000| Untracked 
|  58|0x0000000085e00000, 0x0000000085e00000, 0x0000000085f00000|  0%| F|  |TAMS 0x0000000085e00000, 0x0000000085e00000| Untracked 
|  59|0x0000000085f00000, 0x0000000085f00000, 0x0000000086000000|  0%| F|  |TAMS 0x0000000085f00000, 0x0000000085f00000| Untracked 
|  60|0x0000000086000000, 0x0000000086000000, 0x0000000086100000|  0%| F|  |TAMS 0x0000000086000000, 0x0000000086000000| Untracked 
|  61|0x0000000086100000, 0x0000000086100000, 0x0000000086200000|  0%| F|  |TAMS 0x0000000086100000, 0x0000000086100000| Untracked 
|  62|0x0000000086200000, 0x0000000086200000, 0x0000000086300000|  0%| F|  |TAMS 0x0000000086200000, 0x0000000086200000| Untracked 
|  63|0x0000000086300000, 0x0000000086300000, 0x0000000086400000|  0%| F|  |TAMS 0x0000000086300000, 0x0000000086300000| Untracked 
|  64|0x0000000086400000, 0x0000000086400000, 0x0000000086500000|  0%| F|  |TAMS 0x0000000086400000, 0x0000000086400000| Untracked 
|  65|0x0000000086500000, 0x0000000086500000, 0x0000000086600000|  0%| F|  |TAMS 0x0000000086500000, 0x0000000086500000| Untracked 
|  66|0x0000000086600000, 0x0000000086600000, 0x0000000086700000|  0%| F|  |TAMS 0x0000000086600000, 0x0000000086600000| Untracked 
|  67|0x0000000086700000, 0x0000000086700000, 0x0000000086800000|  0%| F|  |TAMS 0x0000000086700000, 0x0000000086700000| Untracked 
|  68|0x0000000086800000, 0x0000000086800000, 0x0000000086900000|  0%| F|  |TAMS 0x0000000086800000, 0x0000000086800000| Untracked 
|  69|0x0000000086900000, 0x0000000086900000, 0x0000000086a00000|  0%| F|  |TAMS 0x0000000086900000, 0x0000000086900000| Untracked 
|  70|0x0000000086a00000, 0x0000000086a00000, 0x0000000086b00000|  0%| F|  |TAMS 0x0000000086a00000, 0x0000000086a00000| Untracked 
|  71|0x0000000086b00000, 0x0000000086b00000, 0x0000000086c00000|  0%| F|  |TAMS 0x0000000086b00000, 0x0000000086b00000| Untracked 
|  72|0x0000000086c00000, 0x0000000086c00000, 0x0000000086d00000|  0%| F|  |TAMS 0x0000000086c00000, 0x0000000086c00000| Untracked 
|  73|0x0000000086d00000, 0x0000000086d00000, 0x0000000086e00000|  0%| F|  |TAMS 0x0000000086d00000, 0x0000000086d00000| Untracked 
|  74|0x0000000086e00000, 0x0000000086e00000, 0x0000000086f00000|  0%| F|  |TAMS 0x0000000086e00000, 0x0000000086e00000| Untracked 
|  75|0x0000000086f00000, 0x0000000086f00000, 0x0000000087000000|  0%| F|  |TAMS 0x0000000086f00000, 0x0000000086f00000| Untracked 
|  76|0x0000000087000000, 0x0000000087000000, 0x0000000087100000|  0%| F|  |TAMS 0x0000000087000000, 0x0000000087000000| Untracked 
|  77|0x0000000087100000, 0x0000000087100000, 0x0000000087200000|  0%| F|  |TAMS 0x0000000087100000, 0x0000000087100000| Untracked 
|  78|0x0000000087200000, 0x00000000872f1130, 0x0000000087300000| 94%| S|CS|TAMS 0x0000000087200000, 0x0000000087200000| Complete 
|  79|0x0000000087300000, 0x0000000087400000, 0x0000000087400000|100%| S|CS|TAMS 0x0000000087300000, 0x0000000087300000| Complete 
|  80|0x0000000087400000, 0x0000000087500000, 0x0000000087500000|100%| S|CS|TAMS 0x0000000087400000, 0x0000000087400000| Complete 
|  81|0x0000000087500000, 0x0000000087600000, 0x0000000087600000|100%| S|CS|TAMS 0x0000000087500000, 0x0000000087500000| Complete 
|  82|0x0000000087600000, 0x0000000087700000, 0x0000000087700000|100%| S|CS|TAMS 0x0000000087600000, 0x0000000087600000| Complete 
|  83|0x0000000087700000, 0x0000000087800000, 0x0000000087800000|100%| S|CS|TAMS 0x0000000087700000, 0x0000000087700000| Complete 
|  84|0x0000000087800000, 0x0000000087800000, 0x0000000087900000|  0%| F|  |TAMS 0x0000000087800000, 0x0000000087800000| Untracked 
|  85|0x0000000087900000, 0x0000000087900000, 0x0000000087a00000|  0%| F|  |TAMS 0x0000000087900000, 0x0000000087900000| Untracked 
|  86|0x0000000087a00000, 0x0000000087a00000, 0x0000000087b00000|  0%| F|  |TAMS 0x0000000087a00000, 0x0000000087a00000| Untracked 
|  87|0x0000000087b00000, 0x0000000087b00000, 0x0000000087c00000|  0%| F|  |TAMS 0x0000000087b00000, 0x0000000087b00000| Untracked 
|  88|0x0000000087c00000, 0x0000000087c00000, 0x0000000087d00000|  0%| F|  |TAMS 0x0000000087c00000, 0x0000000087c00000| Untracked 
|  89|0x0000000087d00000, 0x0000000087d00000, 0x0000000087e00000|  0%| F|  |TAMS 0x0000000087d00000, 0x0000000087d00000| Untracked 
|  90|0x0000000087e00000, 0x0000000087e00000, 0x0000000087f00000|  0%| F|  |TAMS 0x0000000087e00000, 0x0000000087e00000| Untracked 
|  91|0x0000000087f00000, 0x0000000087f00000, 0x0000000088000000|  0%| F|  |TAMS 0x0000000087f00000, 0x0000000087f00000| Untracked 
|  92|0x0000000088000000, 0x0000000088000000, 0x0000000088100000|  0%| F|  |TAMS 0x0000000088000000, 0x0000000088000000| Untracked 
|  93|0x0000000088100000, 0x0000000088100000, 0x0000000088200000|  0%| F|  |TAMS 0x0000000088100000, 0x0000000088100000| Untracked 
|  94|0x0000000088200000, 0x0000000088200000, 0x0000000088300000|  0%| F|  |TAMS 0x0000000088200000, 0x0000000088200000| Untracked 
|  95|0x0000000088300000, 0x0000000088300000, 0x0000000088400000|  0%| F|  |TAMS 0x0000000088300000, 0x0000000088300000| Untracked 
|  96|0x0000000088400000, 0x0000000088400000, 0x0000000088500000|  0%| F|  |TAMS 0x0000000088400000, 0x0000000088400000| Untracked 
|  97|0x0000000088500000, 0x0000000088500000, 0x0000000088600000|  0%| F|  |TAMS 0x0000000088500000, 0x0000000088500000| Untracked 
|  98|0x0000000088600000, 0x0000000088600000, 0x0000000088700000|  0%| F|  |TAMS 0x0000000088600000, 0x0000000088600000| Untracked 
|  99|0x0000000088700000, 0x0000000088700000, 0x0000000088800000|  0%| F|  |TAMS 0x0000000088700000, 0x0000000088700000| Untracked 
| 100|0x0000000088800000, 0x0000000088800000, 0x0000000088900000|  0%| F|  |TAMS 0x0000000088800000, 0x0000000088800000| Untracked 
| 101|0x0000000088900000, 0x0000000088900000, 0x0000000088a00000|  0%| F|  |TAMS 0x0000000088900000, 0x0000000088900000| Untracked 
| 102|0x0000000088a00000, 0x0000000088a00000, 0x0000000088b00000|  0%| F|  |TAMS 0x0000000088a00000, 0x0000000088a00000| Untracked 
| 103|0x0000000088b00000, 0x0000000088b00000, 0x0000000088c00000|  0%| F|  |TAMS 0x0000000088b00000, 0x0000000088b00000| Untracked 
| 104|0x0000000088c00000, 0x0000000088c00000, 0x0000000088d00000|  0%| F|  |TAMS 0x0000000088c00000, 0x0000000088c00000| Untracked 
| 105|0x0000000088d00000, 0x0000000088d00000, 0x0000000088e00000|  0%| F|  |TAMS 0x0000000088d00000, 0x0000000088d00000| Untracked 
| 106|0x0000000088e00000, 0x0000000088e00000, 0x0000000088f00000|  0%| F|  |TAMS 0x0000000088e00000, 0x0000000088e00000| Untracked 
| 107|0x0000000088f00000, 0x0000000088f00000, 0x0000000089000000|  0%| F|  |TAMS 0x0000000088f00000, 0x0000000088f00000| Untracked 
| 108|0x0000000089000000, 0x0000000089000000, 0x0000000089100000|  0%| F|  |TAMS 0x0000000089000000, 0x0000000089000000| Untracked 
| 109|0x0000000089100000, 0x0000000089100000, 0x0000000089200000|  0%| F|  |TAMS 0x0000000089100000, 0x0000000089100000| Untracked 
| 110|0x0000000089200000, 0x0000000089200000, 0x0000000089300000|  0%| F|  |TAMS 0x0000000089200000, 0x0000000089200000| Untracked 
| 111|0x0000000089300000, 0x0000000089300000, 0x0000000089400000|  0%| F|  |TAMS 0x0000000089300000, 0x0000000089300000| Untracked 
| 112|0x0000000089400000, 0x0000000089400000, 0x0000000089500000|  0%| F|  |TAMS 0x0000000089400000, 0x0000000089400000| Untracked 
| 113|0x0000000089500000, 0x0000000089500000, 0x0000000089600000|  0%| F|  |TAMS 0x0000000089500000, 0x0000000089500000| Untracked 
| 114|0x0000000089600000, 0x0000000089600000, 0x0000000089700000|  0%| F|  |TAMS 0x0000000089600000, 0x0000000089600000| Untracked 
| 115|0x0000000089700000, 0x0000000089700000, 0x0000000089800000|  0%| F|  |TAMS 0x0000000089700000, 0x0000000089700000| Untracked 
| 116|0x0000000089800000, 0x0000000089800000, 0x0000000089900000|  0%| F|  |TAMS 0x0000000089800000, 0x0000000089800000| Untracked 
| 117|0x0000000089900000, 0x0000000089900000, 0x0000000089a00000|  0%| F|  |TAMS 0x0000000089900000, 0x0000000089900000| Untracked 
| 118|0x0000000089a00000, 0x0000000089a00000, 0x0000000089b00000|  0%| F|  |TAMS 0x0000000089a00000, 0x0000000089a00000| Untracked 
| 119|0x0000000089b00000, 0x0000000089b00000, 0x0000000089c00000|  0%| F|  |TAMS 0x0000000089b00000, 0x0000000089b00000| Untracked 
| 120|0x0000000089c00000, 0x0000000089c00000, 0x0000000089d00000|  0%| F|  |TAMS 0x0000000089c00000, 0x0000000089c00000| Untracked 
| 121|0x0000000089d00000, 0x0000000089d00000, 0x0000000089e00000|  0%| F|  |TAMS 0x0000000089d00000, 0x0000000089d00000| Untracked 
| 122|0x0000000089e00000, 0x0000000089e00000, 0x0000000089f00000|  0%| F|  |TAMS 0x0000000089e00000, 0x0000000089e00000| Untracked 
| 123|0x0000000089f00000, 0x0000000089f00000, 0x000000008a000000|  0%| F|  |TAMS 0x0000000089f00000, 0x0000000089f00000| Untracked 
| 124|0x000000008a000000, 0x000000008a000000, 0x000000008a100000|  0%| F|  |TAMS 0x000000008a000000, 0x000000008a000000| Untracked 
| 125|0x000000008a100000, 0x000000008a100000, 0x000000008a200000|  0%| F|  |TAMS 0x000000008a100000, 0x000000008a100000| Untracked 

Card table byte_map: [0x0000022779030000,0x0000022779420000] _byte_map_base: 0x0000022778c1e000

Marking Bits (Prev, Next): (CMBitMap*) 0x0000022761616eb8, (CMBitMap*) 0x0000022761616ef0
 Prev Bits: [0x0000022779810000, 0x000002277b780000)
 Next Bits: [0x000002277b780000, 0x000002277d6f0000)

Polling page: 0x0000022760db0000

Metaspace:

Usage:
  Non-class:     37.29 MB capacity,    37.04 MB (>99%) used,   193.59 KB ( <1%) free+waste,    59.25 KB ( <1%) overhead. 
      Class:      5.07 MB capacity,     4.91 MB ( 97%) used,   140.00 KB (  3%) free+waste,    24.81 KB ( <1%) overhead. 
       Both:     42.36 MB capacity,    41.95 MB (>99%) used,   333.59 KB ( <1%) free+waste,    84.06 KB ( <1%) overhead. 

Virtual space:
  Non-class space:       38.00 MB reserved,      37.50 MB ( 99%) committed 
      Class space:        1.00 GB reserved,       5.13 MB ( <1%) committed 
             Both:        1.04 GB reserved,      42.63 MB (  4%) committed 

Chunk freelists:
   Non-Class:  11.00 KB
       Class:  2.75 KB
        Both:  13.75 KB

CodeHeap 'non-profiled nmethods': size=120000Kb used=1496Kb max_used=1496Kb free=118503Kb
 bounds [0x00000227713d0000, 0x0000022771640000, 0x0000022778900000]
CodeHeap 'profiled nmethods': size=120000Kb used=6997Kb max_used=6997Kb free=113002Kb
 bounds [0x0000022769ea0000, 0x000002276a580000, 0x00000227713d0000]
CodeHeap 'non-nmethods': size=5760Kb used=1183Kb max_used=1237Kb free=4576Kb
 bounds [0x0000022769900000, 0x0000022769b70000, 0x0000022769ea0000]
 total_blobs=4754 nmethods=3352 adapters=438
 compilation: enabled
              stopped_count=0, restarted_count=0
 full_count=0

Compilation events (10 events):
Event: 2.478 Thread 0x00000227001f1800 3368       3       org.jetbrains.kotlin.com.intellij.psi.impl.source.SubstrateRef$2::getNode (13 bytes)
Event: 2.478 Thread 0x00000227001f1800 nmethod 3368 0x000002276a572090 code [0x000002276a572240, 0x000002276a572430]
Event: 2.478 Thread 0x00000227001f1800 3367       3       org.jetbrains.kotlin.com.intellij.openapi.vfs.local.CoreLocalVirtualFile::getName (16 bytes)
Event: 2.478 Thread 0x00000227001f1800 nmethod 3367 0x000002276a572510 code [0x000002276a5726e0, 0x000002276a572900]
Event: 2.479 Thread 0x00000227001f1800 3369       3       org.jetbrains.kotlin.parsing.KotlinParsing::parseFunctionOrPropertyName (132 bytes)
Event: 2.480 Thread 0x00000227001f1800 nmethod 3369 0x000002276a572a10 code [0x000002276a572de0, 0x000002276a574950]
Event: 2.480 Thread 0x00000227001f1800 3370       1       org.jetbrains.kotlin.com.intellij.mock.MockApplication::isReadAccessAllowed (2 bytes)
Event: 2.480 Thread 0x00000227001f1800 nmethod 3370 0x0000022771545e90 code [0x0000022771546040, 0x0000022771546158]
Event: 2.480 Thread 0x00000227001f1800 3371       3       org.jetbrains.kotlin.com.intellij.psi.impl.PsiElementBase::<init> (5 bytes)
Event: 2.480 Thread 0x00000227001f1800 nmethod 3371 0x000002276a575090 code [0x000002276a575260, 0x000002276a575538]

GC Heap History (9 events):
Event: 0.413 GC heap before
{Heap before GC invocations=0 (full 0):
 garbage-first heap   total 129024K, used 27648K [0x0000000082400000, 0x0000000100000000)
  region size 1024K, 24 young (24576K), 0 survivors (0K)
 Metaspace       used 12306K, capacity 12405K, committed 12544K, reserved 1060864K
  class space    used 1159K, capacity 1174K, committed 1280K, reserved 1048576K
}
Event: 0.416 GC heap after
{Heap after GC invocations=1 (full 0):
 garbage-first heap   total 129024K, used 5957K [0x0000000082400000, 0x0000000100000000)
  region size 1024K, 3 young (3072K), 3 survivors (3072K)
 Metaspace       used 12306K, capacity 12405K, committed 12544K, reserved 1060864K
  class space    used 1159K, capacity 1174K, committed 1280K, reserved 1048576K
}
Event: 0.909 GC heap before
{Heap before GC invocations=1 (full 0):
 garbage-first heap   total 129024K, used 43845K [0x0000000082400000, 0x0000000100000000)
  region size 1024K, 41 young (41984K), 3 survivors (3072K)
 Metaspace       used 20948K, capacity 21148K, committed 21248K, reserved 1069056K
  class space    used 2215K, capacity 2278K, committed 2304K, reserved 1048576K
}
Event: 0.918 GC heap after
{Heap after GC invocations=2 (full 0):
 garbage-first heap   total 129024K, used 9819K [0x0000000082400000, 0x0000000100000000)
  region size 1024K, 7 young (7168K), 7 survivors (7168K)
 Metaspace       used 20948K, capacity 21148K, committed 21248K, reserved 1069056K
  class space    used 2215K, capacity 2278K, committed 2304K, reserved 1048576K
}
Event: 1.677 GC heap before
{Heap before GC invocations=3 (full 0):
 garbage-first heap   total 129024K, used 74331K [0x0000000082400000, 0x0000000100000000)
  region size 1024K, 58 young (59392K), 7 survivors (7168K)
 Metaspace       used 31844K, capacity 32176K, committed 32384K, reserved 1077248K
  class space    used 3950K, capacity 4113K, committed 4224K, reserved 1048576K
}
Event: 1.695 GC heap after
{Heap after GC invocations=4 (full 0):
 garbage-first heap   total 129024K, used 32486K [0x0000000082400000, 0x0000000100000000)
  region size 1024K, 8 young (8192K), 8 survivors (8192K)
 Metaspace       used 31844K, capacity 32176K, committed 32384K, reserved 1077248K
  class space    used 3950K, capacity 4113K, committed 4224K, reserved 1048576K
}
Event: 1.883 GC heap before
{Heap before GC invocations=4 (full 0):
 garbage-first heap   total 129024K, used 46822K [0x0000000082400000, 0x0000000100000000)
  region size 1024K, 23 young (23552K), 8 survivors (8192K)
 Metaspace       used 35092K, capacity 35484K, committed 35628K, reserved 1081344K
  class space    used 4306K, capacity 4469K, committed 4480K, reserved 1048576K
}
Event: 1.894 GC heap after
{Heap after GC invocations=5 (full 0):
 garbage-first heap   total 129024K, used 32675K [0x0000000082400000, 0x0000000100000000)
  region size 1024K, 2 young (2048K), 2 survivors (2048K)
 Metaspace       used 35092K, capacity 35484K, committed 35628K, reserved 1081344K
  class space    used 4306K, capacity 4469K, committed 4480K, reserved 1048576K
}
Event: 2.480 GC heap before
{Heap before GC invocations=6 (full 0):
 garbage-first heap   total 129024K, used 73635K [0x0000000082400000, 0x0000000100000000)
  region size 1024K, 42 young (43008K), 2 survivors (2048K)
 Metaspace       used 42960K, capacity 43378K, committed 43648K, reserved 1087488K
  class space    used 5029K, capacity 5194K, committed 5248K, reserved 1048576K
}

Deoptimization events (10 events):
Event: 2.438 Thread 0x00000227615d8800 Uncommon trap: reason=class_check action=maybe_recompile pc=0x000002277152c4b4 method=org.jetbrains.kotlin.com.intellij.lang.impl.PsiBuilderAdapter.mark()Lorg/jetbrains/kotlin/com/intellij/lang/PsiBuilder$Marker; @ 4 c2
Event: 2.438 Thread 0x00000227615d8800 Uncommon trap: reason=class_check action=maybe_recompile pc=0x000002277152127c method=org.jetbrains.kotlin.parsing.AbstractKotlinParsing.tt()Lorg/jetbrains/kotlin/com/intellij/psi/tree/IElementType; @ 4 c2
Event: 2.438 Thread 0x00000227615d8800 Uncommon trap: reason=class_check action=maybe_recompile pc=0x0000022771528028 method=org.jetbrains.kotlin.com.intellij.lang.impl.PsiBuilderAdapter.eof()Z @ 4 c2
Event: 2.438 Thread 0x00000227615d8800 Uncommon trap: reason=class_check action=maybe_recompile pc=0x0000022771531b28 method=org.jetbrains.kotlin.parsing.AbstractKotlinParsing.mark()Lorg/jetbrains/kotlin/com/intellij/lang/PsiBuilder$Marker; @ 4 c2
Event: 2.438 Thread 0x00000227615d8800 Uncommon trap: reason=class_check action=maybe_recompile pc=0x000002277152c4b4 method=org.jetbrains.kotlin.com.intellij.lang.impl.PsiBuilderAdapter.mark()Lorg/jetbrains/kotlin/com/intellij/lang/PsiBuilder$Marker; @ 4 c2
Event: 2.438 Thread 0x00000227615d8800 Uncommon trap: reason=class_check action=maybe_recompile pc=0x000002277151d5d0 method=org.jetbrains.kotlin.parsing.AbstractKotlinParsing.tt()Lorg/jetbrains/kotlin/com/intellij/psi/tree/IElementType; @ 4 c2
Event: 2.438 Thread 0x00000227615d8800 Uncommon trap: reason=class_check action=maybe_recompile pc=0x000002277152127c method=org.jetbrains.kotlin.parsing.AbstractKotlinParsing.tt()Lorg/jetbrains/kotlin/com/intellij/psi/tree/IElementType; @ 4 c2
Event: 2.438 Thread 0x00000227615d8800 Uncommon trap: reason=class_check action=maybe_recompile pc=0x0000022771531b28 method=org.jetbrains.kotlin.parsing.AbstractKotlinParsing.mark()Lorg/jetbrains/kotlin/com/intellij/lang/PsiBuilder$Marker; @ 4 c2
Event: 2.438 Thread 0x00000227615d8800 Uncommon trap: reason=class_check action=maybe_recompile pc=0x0000022771531b28 method=org.jetbrains.kotlin.parsing.AbstractKotlinParsing.mark()Lorg/jetbrains/kotlin/com/intellij/lang/PsiBuilder$Marker; @ 4 c2
Event: 2.439 Thread 0x00000227615d8800 Uncommon trap: reason=unstable_if action=reinterpret pc=0x00000227715163c4 method=org.jetbrains.kotlin.com.intellij.psi.tree.TokenSet.contains(Lorg/jetbrains/kotlin/com/intellij/psi/tree/IElementType;)Z @ 1 c2

Classes redefined (0 events):
No events

Internal exceptions (10 events):
Event: 1.112 Thread 0x00000227615d8800 Implicit null exception at 0x000002277146122c to 0x0000022771461390
Event: 1.134 Thread 0x00000227615d8800 Exception <a 'java/lang/NoSuchMethodError'{0x000000008922a818}: java.lang.invoke.DirectMethodHandle$Holder.invokeStatic(Ljava/lang/Object;Ljava/lang/Object;Ljava/lang/Object;Ljava/lang/Object;)V> (0x000000008922a818) thrown at [t:/workspace/open/src/hotsp
Event: 1.149 Thread 0x00000227615d8800 Exception <a 'java/lang/NoSuchMethodError'{0x0000000089179f70}: java.lang.invoke.DirectMethodHandle$Holder.invokeSpecial(Ljava/lang/Object;Ljava/lang/Object;)V> (0x0000000089179f70) thrown at [t:/workspace/open/src/hotspot/share/interpreter/linkResolver.c
Event: 1.178 Thread 0x00000227615d8800 Exception <a 'java/lang/NoSuchMethodError'{0x0000000088e1d080}: java.lang.invoke.DirectMethodHandle$Holder.invokeStaticInit(Ljava/lang/Object;Ljava/lang/Object;)V> (0x0000000088e1d080) thrown at [t:/workspace/open/src/hotspot/share/interpreter/linkResolve
Event: 1.183 Thread 0x00000227615d8800 Exception <a 'java/lang/NoSuchMethodError'{0x0000000088e5ba18}: java.lang.invoke.DirectMethodHandle$Holder.invokeInterface(Ljava/lang/Object;Ljava/lang/Object;)V> (0x0000000088e5ba18) thrown at [t:/workspace/open/src/hotspot/share/interpreter/linkResolver
Event: 1.231 Thread 0x00000227615d8800 Exception <a 'java/lang/NoSuchMethodError'{0x0000000088aefda0}: java.lang.invoke.DirectMethodHandle$Holder.invokeVirtual(Ljava/lang/Object;Ljava/lang/Object;)V> (0x0000000088aefda0) thrown at [t:/workspace/open/src/hotspot/share/interpreter/linkResolver.c
Event: 1.238 Thread 0x00000227615d8800 Exception <a 'java/lang/NoSuchMethodError'{0x0000000088967fb8}: java.lang.invoke.DirectMethodHandle$Holder.invokeVirtual(Ljava/lang/Object;Ljava/lang/Object;)I> (0x0000000088967fb8) thrown at [t:/workspace/open/src/hotspot/share/interpreter/linkResolver.c
Event: 1.833 Thread 0x00000227615d8800 Exception <a 'java/lang/NoSuchMethodError'{0x000000008978d5f0}: java.lang.invoke.DirectMethodHandle$Holder.invokeVirtual(Ljava/lang/Object;Ljava/lang/Object;Ljava/lang/Object;)Ljava/lang/Object;> (0x000000008978d5f0) thrown at [t:/workspace/open/src/hotsp
Event: 2.309 Thread 0x00000227615d8800 Exception <a 'java/lang/NoSuchMethodError'{0x0000000087e3f5c8}: java.lang.invoke.Invokers$Holder.linkToTargetMethod(Ljava/lang/Object;ILjava/lang/Object;)Ljava/lang/Object;> (0x0000000087e3f5c8) thrown at [t:/workspace/open/src/hotspot/share/interpreter/l
Event: 2.439 Thread 0x00000227615d8800 Implicit null exception at 0x00000227715162cc to 0x00000227715163b2

Events (10 events):
Event: 2.438 Thread 0x00000227615d8800 DEOPT UNPACKING pc=0x0000022769928f2f sp=0x000000a9fe7fc660 mode 2
Event: 2.438 Thread 0x00000227615d8800 Uncommon trap: trap_request=0xffffffde fr.pc=0x0000022771531b28 relative=0x0000000000000068
Event: 2.438 Thread 0x00000227615d8800 DEOPT PACKING pc=0x0000022771531b28 sp=0x000000a9fe7fc6d0
Event: 2.438 Thread 0x00000227615d8800 DEOPT UNPACKING pc=0x0000022769928f2f sp=0x000000a9fe7fc660 mode 2
Event: 2.439 Thread 0x00000227615d8800 Uncommon trap: trap_request=0xffffff4d fr.pc=0x00000227715163c4 relative=0x0000000000000124
Event: 2.439 Thread 0x00000227615d8800 DEOPT PACKING pc=0x00000227715163c4 sp=0x000000a9fe7fba70
Event: 2.439 Thread 0x00000227615d8800 DEOPT UNPACKING pc=0x0000022769928f2f sp=0x000000a9fe7fba28 mode 2
Event: 2.474 Thread 0x00000227615d8800 DEOPT PACKING pc=0x000002276a2d8d9a sp=0x000000a9fe7fc760
Event: 2.474 Thread 0x00000227615d8800 DEOPT UNPACKING pc=0x0000022769928d4e sp=0x000000a9fe7fbbf8 mode 0
Event: 2.480 Executing VM operation: G1CollectForAllocation


Dynamic libraries:
0x00007ff75cb80000 - 0x00007ff75cbc7000 	C:\Program Files\Java\jdk-11.0.1\bin\java.exe
0x00007fff4c830000 - 0x00007fff4ca44000 	C:\WINDOWS\SYSTEM32\ntdll.dll
0x00007fff4b390000 - 0x00007fff4b453000 	C:\WINDOWS\System32\KERNEL32.DLL
0x00007fff4a1e0000 - 0x00007fff4a57c000 	C:\WINDOWS\System32\KERNELBASE.dll
0x00007fff4ac70000 - 0x00007fff4ad1e000 	C:\WINDOWS\System32\ADVAPI32.dll
0x00007fff4a7e0000 - 0x00007fff4a887000 	C:\WINDOWS\System32\msvcrt.dll
0x00007fff4bb80000 - 0x00007fff4bc24000 	C:\WINDOWS\System32\sechost.dll
0x00007fff4c670000 - 0x00007fff4c785000 	C:\WINDOWS\System32\RPCRT4.dll
0x00007fff4c4c0000 - 0x00007fff4c66d000 	C:\WINDOWS\System32\USER32.dll
0x00007fff49d90000 - 0x00007fff49db6000 	C:\WINDOWS\System32\win32u.dll
0x00007fff4b550000 - 0x00007fff4b579000 	C:\WINDOWS\System32\GDI32.dll
0x00007fff49c70000 - 0x00007fff49d82000 	C:\WINDOWS\System32\gdi32full.dll
0x00007fff49f50000 - 0x00007fff49fea000 	C:\WINDOWS\System32\msvcp_win.dll
0x00007fff49e30000 - 0x00007fff49f41000 	C:\WINDOWS\System32\ucrtbase.dll
0x00007fff30af0000 - 0x00007fff30d7e000 	C:\WINDOWS\WinSxS\amd64_microsoft.windows.common-controls_6595b64144ccf1df_6.0.22621.608_none_a9444ca7c10bb01d\COMCTL32.dll
0x00007fff41880000 - 0x00007fff4188a000 	C:\WINDOWS\SYSTEM32\VERSION.dll
0x00007fff4bae0000 - 0x00007fff4bb12000 	C:\WINDOWS\System32\IMM32.DLL
0x00007fff21a00000 - 0x00007fff21a16000 	C:\Program Files\Java\jdk-11.0.1\bin\vcruntime140.dll
0x00007fff04890000 - 0x00007fff0493a000 	C:\Program Files\Java\jdk-11.0.1\bin\msvcp140.dll
0x00007fff00e10000 - 0x00007fff01952000 	C:\Program Files\Java\jdk-11.0.1\bin\server\jvm.dll
0x00007fff4aef0000 - 0x00007fff4aef8000 	C:\WINDOWS\System32\PSAPI.DLL
0x00007fff34ed0000 - 0x00007fff34ed9000 	C:\WINDOWS\SYSTEM32\WSOCK32.dll
0x00007fff42890000 - 0x00007fff428c4000 	C:\WINDOWS\SYSTEM32\WINMM.dll
0x00007fff4b980000 - 0x00007fff4b9f1000 	C:\WINDOWS\System32\WS2_32.dll
0x00007fff48cc0000 - 0x00007fff48cd8000 	C:\WINDOWS\SYSTEM32\kernel.appcore.dll
0x00007fff21760000 - 0x00007fff21771000 	C:\Program Files\Java\jdk-11.0.1\bin\verify.dll
0x00007fff47700000 - 0x00007fff4792e000 	C:\WINDOWS\SYSTEM32\DBGHELP.DLL
0x00007fff4b580000 - 0x00007fff4b90a000 	C:\WINDOWS\System32\combase.dll
0x00007fff4ba00000 - 0x00007fff4bad7000 	C:\WINDOWS\System32\OLEAUT32.dll
0x00007fff385f0000 - 0x00007fff38622000 	C:\WINDOWS\SYSTEM32\dbgcore.DLL
0x00007fff4a160000 - 0x00007fff4a1db000 	C:\WINDOWS\System32\bcryptPrimitives.dll
0x00007fff19d50000 - 0x00007fff19d79000 	C:\Program Files\Java\jdk-11.0.1\bin\java.dll
0x00007fff20ce0000 - 0x00007fff20cf6000 	C:\Program Files\Java\jdk-11.0.1\bin\zip.dll
0x00007fff328c0000 - 0x00007fff328ca000 	C:\Program Files\Java\jdk-11.0.1\bin\jimage.dll
0x00007fff4bc50000 - 0x00007fff4c43f000 	C:\WINDOWS\System32\SHELL32.dll
0x00007fff47c90000 - 0x00007fff48558000 	C:\WINDOWS\SYSTEM32\windows.storage.dll
0x00007fff47b50000 - 0x00007fff47c8e000 	C:\WINDOWS\SYSTEM32\wintypes.dll
0x00007fff4aa50000 - 0x00007fff4ab41000 	C:\WINDOWS\System32\SHCORE.dll
0x00007fff4bb20000 - 0x00007fff4bb7e000 	C:\WINDOWS\System32\shlwapi.dll
0x00007fff49ba0000 - 0x00007fff49bc1000 	C:\WINDOWS\SYSTEM32\profapi.dll
0x00007fff220d0000 - 0x00007fff220e9000 	C:\Program Files\Java\jdk-11.0.1\bin\net.dll
0x00007fff41050000 - 0x00007fff4117f000 	C:\WINDOWS\SYSTEM32\WINHTTP.dll
0x00007fff49130000 - 0x00007fff49199000 	C:\WINDOWS\system32\mswsock.dll
0x00007fff220b0000 - 0x00007fff220c3000 	C:\Program Files\Java\jdk-11.0.1\bin\nio.dll

dbghelp: loaded successfully - version: 4.0.5 - missing functions: none
symbol engine: initialized successfully - sym options: 0x614 - pdb path: .;C:\Program Files\Java\jdk-11.0.1\bin;C:\WINDOWS\SYSTEM32;C:\WINDOWS\WinSxS\amd64_microsoft.windows.common-controls_6595b64144ccf1df_6.0.22621.608_none_a9444ca7c10bb01d;C:\Program Files\Java\jdk-11.0.1\bin\server

VM Arguments:
java_command: org.jetbrains.kotlin.cli.jvm.K2JVMCompiler @D:\Siten\SIDOC\sidoc-mobile\node_modules\react-native-gesture-handler\android\build\20230312_13326901051916647968.compiler.options
java_class_path (initial): C:\Users\DELL\.gradle\caches\modules-2\files-2.1\org.jetbrains.kotlin\kotlin-compiler-embeddable\1.5.31\cc18c29253541dc57c25c3ef514d63c7953ae1a6\kotlin-compiler-embeddable-1.5.31.jar;C:\Users\DELL\.gradle\caches\modules-2\files-2.1\org.jetbrains.kotlin\kotlin-reflect\1.5.31\1523fcd842a47da0820cea772b19c51056fec8a9\kotlin-reflect-1.5.31.jar;C:\Users\DELL\.gradle\caches\modules-2\files-2.1\org.jetbrains.kotlin\kotlin-stdlib\1.5.31\6628d61d0f5603568e72d2d5915d2c034b4f1c55\kotlin-stdlib-1.5.31.jar;C:\Users\DELL\.gradle\caches\modules-2\files-2.1\org.jetbrains.kotlin\kotlin-script-runtime\1.5.31\aaea854be2cfc06373dfc11be5a6ba9ca5ca84a6\kotlin-script-runtime-1.5.31.jar;C:\Users\DELL\.gradle\caches\modules-2\files-2.1\org.jetbrains.kotlin\kotlin-daemon-embeddable\1.5.31\d19b549661e28c62781683dc7c7e34bf416974f1\kotlin-daemon-embeddable-1.5.31.jar;C:\Users\DELL\.gradle\caches\modules-2\files-2.1\org.jetbrains.intellij.deps\trove4j\1.0.20181211\216c2e14b070f334479d800987affe4054cd563f\trove4j-1.0.20181211.jar;C:\Users\DELL\.gradle\caches\modules-2\files-2.1\org.jetbrains\annotations\13.0\919f0dfe192fb4e063e7dacadee7f8bb9a2672a9\annotations-13.0.jar;C:\Users\DELL\.gradle\caches\modules-2\files-2.1\org.jetbrains.kotlin\kotlin-stdlib-common\1.5.31\43331609c7de811fed085e0dfd150874b157c32\kotlin-stdlib-common-1.5.31.jar
Launcher Type: SUN_STANDARD

[Global flags]
     intx CICompilerCount                          = 4                                         {product} {ergonomic}
     uint ConcGCThreads                            = 2                                         {product} {ergonomic}
     uint G1ConcRefinementThreads                  = 8                                         {product} {ergonomic}
   size_t G1HeapRegionSize                         = 1048576                                   {product} {ergonomic}
    uintx GCDrainStackTargetSize                   = 64                                        {product} {ergonomic}
   size_t InitialHeapSize                          = 132120576                                 {product} {ergonomic}
   size_t MarkStackSize                            = 4194304                                   {product} {ergonomic}
   size_t MaxHeapSize                              = 2109734912                                {product} {ergonomic}
   size_t MaxNewSize                               = 1265631232                                {product} {ergonomic}
   size_t MinHeapDeltaBytes                        = 1048576                                   {product} {ergonomic}
    uintx NonNMethodCodeHeapSize                   = 5835340                                {pd product} {ergonomic}
    uintx NonProfiledCodeHeapSize                  = 122911450                              {pd product} {ergonomic}
    uintx ProfiledCodeHeapSize                     = 122911450                              {pd product} {ergonomic}
    uintx ReservedCodeCacheSize                    = 251658240                              {pd product} {ergonomic}
     bool SegmentedCodeCache                       = true                                      {product} {ergonomic}
     bool UseCompressedClassPointers               = true                                 {lp64_product} {ergonomic}
     bool UseCompressedOops                        = true                                 {lp64_product} {ergonomic}
     bool UseG1GC                                  = true                                      {product} {ergonomic}
     bool UseLargePagesIndividualAllocation        = false                                  {pd product} {ergonomic}

Logging:
Log output configuration:
 #0: stdout all=warning uptime,level,tags
 #1: stderr all=off uptime,level,tags

Environment Variables:
JAVA_HOME=C:\Program Files\Java\jdk-11.0.1
CLASSPATH=D:\Siten\SIDOC\sidoc-mobile\android\\gradle\wrapper\gradle-wrapper.jar
PATH=D:\Siten\SIDOC\sidoc-mobile\android\node_modules\.bin;D:\Siten\SIDOC\sidoc-mobile\node_modules\.bin;D:\Siten\SIDOC\node_modules\.bin;D:\Siten\node_modules\.bin;D:\node_modules\.bin;D:\nodejs;D:\Siten\SIDOC\sidoc-mobile\node_modules\.bin;D:\Siten\SIDOC\sidoc-mobile\node_modules\.bin;D:\Siten\SIDOC\node_modules\.bin;D:\Siten\node_modules\.bin;D:\node_modules\.bin;D:\nodejs\node_modules\npm\node_modules\@npmcli\run-script\lib\node-gyp-bin;D:\nodejs\;D:\git\Git\cmd;D:\Android\Sdk\platform-tools;D:\Android\Sdk;C:\WINDOWS\system32;C:\WINDOWS;C:\WINDOWS\System32\Wbem;C:\WINDOWS\System32\WindowsPowerShell\v1.0\;C:\WINDOWS\System32\OpenSSH\;C:\MinGW\bin;C:\Users\DELL\AppData\Roaming\npm;D:\nodejs;D:\newjhipster\.idea;C:\Windows\System32\WindowsPowerShell\v1.0\;C:\Windows\System32;C: \ WINDOWS \ System32 \ cmd.exe;D:\git\Git\bin;C:\Program Files\Java\jdk-11.0.1\bin;C:\Users\DELL\AppData\Local\Android\Sdk\platform-tools;D:\Application\Microsoft VS Code\bin;C:\Users\DELL\AppData\Local\JetBrains\Toolbox\scripts;;%USERPROFILE%\AppData\Local\Microsoft\WindowsApps
USERNAME=DELL
OS=Windows_NT
PROCESSOR_IDENTIFIER=Intel64 Family 6 Model 142 Stepping 12, GenuineIntel



---------------  S Y S T E M  ---------------

OS: Windows 10 , 64 bit Build 22621 (10.0.22621.1194)

CPU:total 8 (initial active 8) (4 cores per cpu, 2 threads per core) family 6 model 142 stepping 12, cmov, cx8, fxsr, mmx, sse, sse2, sse3, ssse3, sse4.1, sse4.2, popcnt, avx, avx2, aes, clmul, erms, 3dnowpref, lzcnt, ht, tsc, tscinvbit, bmi1, bmi2, adx, fma

Memory: 4k page, system-wide physical 8040M (447M free)
TotalPageFile size 20996M (AvailPageFile size 14M)
current process WorkingSet (physical memory assigned to process): 230M, peak: 230M
current process commit charge ("private bytes"): 299M, peak: 330M

vm_info: Java HotSpot(TM) 64-Bit Server VM (11.0.1+13-LTS) for windows-amd64 JRE (11.0.1+13-LTS), built on Oct  6 2018 13:20:16 by "mach5one" with MS VC++ 15.5 (VS2017)

END.
