#
# There is insufficient memory for the Java Runtime Environment to continue.
# Native memory allocation (malloc) failed to allocate 3136336 bytes for Chunk::new
# Possible reasons:
#   The system is out of physical RAM or swap space
#   The process is running with CompressedOops enabled, and the Java Heap may be blocking the growth of the native heap
# Possible solutions:
#   Reduce memory load on the system
#   Increase physical memory or swap space
#   Check if swap backing store is full
#   Decrease Java heap size (-Xmx/-Xms)
#   Decrease number of Java threads
#   Decrease Java thread stack sizes (-Xss)
#   Set larger code cache with -XX:ReservedCodeCacheSize=
#   JVM is running with Unscaled Compressed Oops mode in which the Java heap is
#     placed in the first 4GB address space. The Java Heap base address is the
#     maximum limit for the native heap growth. Please use -XX:HeapBaseMinAddress
#     to set the Java Heap base and to place the Java Heap above 4GB virtual address.
# This output file may be truncated or incomplete.
#
#  Out of Memory Error (t:/workspace/open/src/hotspot/share/memory/arena.cpp:197), pid=13652, tid=22656
#
# JRE version: Java(TM) SE Runtime Environment (11.0.1+13) (build 11.0.1+13-LTS)
# Java VM: Java HotSpot(TM) 64-Bit Server VM (11.0.1+13-LTS, mixed mode, tiered, compressed oops, g1 gc, windows-amd64)
# No core dump will be written. Minidumps are not enabled by default on client versions of Windows
#

---------------  S U M M A R Y ------------

Command Line: org.jetbrains.kotlin.cli.jvm.K2JVMCompiler @D:\Siten\SIDOC\sidoc-mobile\node_modules\react-native-gesture-handler\android\build\20230312_1965277138835861746.compiler.options

Host: Intel(R) Core(TM) i5-10210U CPU @ 1.60GHz, 8 cores, 7G,  Windows 10 , 64 bit Build 22621 (10.0.22621.1194)
Time: Sun Mar 12 10:56:45 2023 SE Asia Standard Time elapsed time: 8 seconds (0d 0h 0m 8s)

---------------  T H R E A D  ---------------

Current thread (0x0000027bc94ee800):  JavaThread "C2 CompilerThread0" daemon [_thread_in_native, id=22656, stack(0x000000993a700000,0x000000993a800000)]


Current CompileTask:
C2:   8311 3535       4       jdk.internal.loader.BuiltinClassLoader::loadClass (22 bytes)

Stack: [0x000000993a700000,0x000000993a800000]
Native frames: (J=compiled Java code, j=interpreted, Vv=VM code, C=native code)
V  [jvm.dll+0x63c21a]
V  [jvm.dll+0x7797df]
V  [jvm.dll+0x77adca]
V  [jvm.dll+0x77b483]
V  [jvm.dll+0x2627f8]
V  [jvm.dll+0xc5c71]
V  [jvm.dll+0xc61fc]
V  [jvm.dll+0x36f8a7]
V  [jvm.dll+0x1ad7a1]
V  [jvm.dll+0x21c8d2]
V  [jvm.dll+0x21b96a]
V  [jvm.dll+0x198390]
V  [jvm.dll+0x22a97f]
V  [jvm.dll+0x228f98]
V  [jvm.dll+0x73f03d]
V  [jvm.dll+0x63b2b2]
C  [ucrtbase.dll+0x29363]
C  [KERNEL32.DLL+0x126bd]
C  [ntdll.dll+0x5dfb8]


---------------  P R O C E S S  ---------------

Threads class SMR info:
_java_thread_list=0x0000027bccf79720, length=12, elements={
0x0000027ba89d8800, 0x0000027bc94ad000, 0x0000027bc94af000, 0x0000027bc94e9000,
0x0000027bc94ec000, 0x0000027bc94ee800, 0x0000027bc9e10800, 0x0000027bc9e11000,
0x0000027bc9ec9000, 0x0000027bc9f9e800, 0x0000027bcd727800, 0x0000027bce9be800
}

Java Threads: ( => current thread )
  0x0000027ba89d8800 JavaThread "main" [_thread_blocked, id=10692, stack(0x0000009939c00000,0x0000009939d00000)]
  0x0000027bc94ad000 JavaThread "Reference Handler" daemon [_thread_blocked, id=20392, stack(0x000000993a300000,0x000000993a400000)]
  0x0000027bc94af000 JavaThread "Finalizer" daemon [_thread_blocked, id=4024, stack(0x000000993a400000,0x000000993a500000)]
  0x0000027bc94e9000 JavaThread "Signal Dispatcher" daemon [_thread_blocked, id=26168, stack(0x000000993a500000,0x000000993a600000)]
  0x0000027bc94ec000 JavaThread "Attach Listener" daemon [_thread_blocked, id=21552, stack(0x000000993a600000,0x000000993a700000)]
=>0x0000027bc94ee800 JavaThread "C2 CompilerThread0" daemon [_thread_in_native, id=22656, stack(0x000000993a700000,0x000000993a800000)]
  0x0000027bc9e10800 JavaThread "C1 CompilerThread0" daemon [_thread_blocked, id=13412, stack(0x000000993a800000,0x000000993a900000)]
  0x0000027bc9e11000 JavaThread "Sweeper thread" daemon [_thread_blocked, id=24308, stack(0x000000993a900000,0x000000993aa00000)]
  0x0000027bc9ec9000 JavaThread "Service Thread" daemon [_thread_blocked, id=3276, stack(0x000000993aa00000,0x000000993ab00000)]
  0x0000027bc9f9e800 JavaThread "Common-Cleaner" daemon [_thread_blocked, id=27444, stack(0x000000993ac00000,0x000000993ad00000)]
  0x0000027bcd727800 JavaThread "C2 CompilerThread1" daemon [_thread_in_native, id=20932, stack(0x000000993b000000,0x000000993b100000)]
  0x0000027bce9be800 JavaThread "C2 CompilerThread2" daemon [_thread_in_native, id=26548, stack(0x000000993b100000,0x000000993b200000)]

Other Threads:
  0x0000027bc94aa800 VMThread "VM Thread" [stack: 0x000000993a200000,0x000000993a300000] [id=17668]
  0x0000027bc9f9c800 WatcherThread [stack: 0x000000993ab00000,0x000000993ac00000] [id=10556]
  0x0000027ba89f0000 GCTaskThread "GC Thread#0" [stack: 0x0000009939d00000,0x0000009939e00000] [id=25504]
  0x0000027bca5ce800 GCTaskThread "GC Thread#1" [stack: 0x000000993ad00000,0x000000993ae00000] [id=15756]
  0x0000027bca5ae000 GCTaskThread "GC Thread#2" [stack: 0x000000993ae00000,0x000000993af00000] [id=6412]
  0x0000027ba8a1f800 ConcurrentGCThread "G1 Main Marker" [stack: 0x0000009939e00000,0x0000009939f00000] [id=8760]
  0x0000027ba8a21800 ConcurrentGCThread "G1 Conc#0" [stack: 0x0000009939f00000,0x000000993a000000] [id=20028]
  0x0000027bca872000 ConcurrentGCThread "G1 Conc#1" [stack: 0x000000993af00000,0x000000993b000000] [id=25020]
  0x0000027bc9317000 ConcurrentGCThread "G1 Refine#0" [stack: 0x000000993a000000,0x000000993a100000] [id=25476]
  0x0000027bcb497800 ConcurrentGCThread "G1 Refine#1" [stack: 0x000000993b200000,0x000000993b300000] [id=19812]
  0x0000027bca9f1000 ConcurrentGCThread "G1 Refine#2" [stack: 0x000000993b300000,0x000000993b400000] [id=21988]
  0x0000027bca954000 ConcurrentGCThread "G1 Refine#3" [stack: 0x000000993b400000,0x000000993b500000] [id=26292]
  0x0000027bc931a000 ConcurrentGCThread "G1 Young RemSet Sampling" [stack: 0x000000993a100000,0x000000993a200000] [id=23912]

Threads with active compile tasks:
C2 CompilerThread03535       4       jdk.internal.loader.BuiltinClassLoader::loadClass (22 bytes)
C2 CompilerThread14123   !   4       org.jetbrains.kotlin.metadata.ProtoBuf$Type::<init> (875 bytes)
C2 CompilerThread24203       4       org.jetbrains.kotlin.metadata.ProtoBuf$Type::isInitialized (145 bytes)

VM state:not at safepoint (normal execution)

VM Mutex/Monitor currently owned by a thread: None

Heap address: 0x0000000082400000, size: 2012 MB, Compressed Oops mode: 32-bit
Narrow klass base: 0x0000000000000000, Narrow klass shift: 3
Compressed class space size: 1073741824 Address: 0x0000000100000000

Heap:
 garbage-first heap   total 155648K, used 42968K [0x0000000082400000, 0x0000000100000000)
  region size 1024K, 12 young (12288K), 6 survivors (6144K)
 Metaspace       used 48888K, capacity 49424K, committed 49616K, reserved 1093632K
  class space    used 5705K, capacity 5933K, committed 6016K, reserved 1048576K
Heap Regions: E=young(eden), S=young(survivor), O=old, HS=humongous(starts), HC=humongous(continues), CS=collection set, F=free, A=archive, TAMS=top-at-mark-start (previous, next)
|   0|0x0000000082400000, 0x0000000082500000, 0x0000000082500000|100%|HS|  |TAMS 0x0000000082500000, 0x0000000082400000| Complete 
|   1|0x0000000082500000, 0x0000000082600000, 0x0000000082600000|100%|HC|  |TAMS 0x0000000082600000, 0x0000000082500000| Complete 
|   2|0x0000000082600000, 0x0000000082700000, 0x0000000082700000|100%|HC|  |TAMS 0x0000000082700000, 0x0000000082600000| Complete 
|   3|0x0000000082700000, 0x0000000082800000, 0x0000000082800000|100%|HS|  |TAMS 0x0000000082800000, 0x0000000082700000| Complete 
|   4|0x0000000082800000, 0x0000000082900000, 0x0000000082900000|100%|HC|  |TAMS 0x0000000082900000, 0x0000000082800000| Complete 
|   5|0x0000000082900000, 0x0000000082a00000, 0x0000000082a00000|100%|HC|  |TAMS 0x0000000082a00000, 0x0000000082900000| Complete 
|   6|0x0000000082a00000, 0x0000000082b00000, 0x0000000082b00000|100%|HS|  |TAMS 0x0000000082a00000, 0x0000000082a00000| Complete 
|   7|0x0000000082b00000, 0x0000000082c00000, 0x0000000082c00000|100%|HC|  |TAMS 0x0000000082b00000, 0x0000000082b00000| Complete 
|   8|0x0000000082c00000, 0x0000000082d00000, 0x0000000082d00000|100%| O|  |TAMS 0x0000000082d00000, 0x0000000082c00000| Untracked 
|   9|0x0000000082d00000, 0x0000000082e00000, 0x0000000082e00000|100%| O|  |TAMS 0x0000000082e00000, 0x0000000082d00000| Untracked 
|  10|0x0000000082e00000, 0x0000000082f00000, 0x0000000082f00000|100%| O|  |TAMS 0x0000000082f00000, 0x0000000082e00000| Untracked 
|  11|0x0000000082f00000, 0x0000000083000000, 0x0000000083000000|100%| O|  |TAMS 0x0000000083000000, 0x0000000082f00000| Untracked 
|  12|0x0000000083000000, 0x0000000083100000, 0x0000000083100000|100%| O|  |TAMS 0x0000000083100000, 0x0000000083000000| Untracked 
|  13|0x0000000083100000, 0x0000000083200000, 0x0000000083200000|100%| O|  |TAMS 0x0000000083200000, 0x0000000083100000| Untracked 
|  14|0x0000000083200000, 0x0000000083300000, 0x0000000083300000|100%| O|  |TAMS 0x0000000083300000, 0x0000000083200000| Untracked 
|  15|0x0000000083300000, 0x0000000083400000, 0x0000000083400000|100%| O|  |TAMS 0x0000000083400000, 0x0000000083300000| Untracked 
|  16|0x0000000083400000, 0x0000000083500000, 0x0000000083500000|100%| O|  |TAMS 0x0000000083500000, 0x0000000083400000| Untracked 
|  17|0x0000000083500000, 0x0000000083600000, 0x0000000083600000|100%| O|  |TAMS 0x0000000083600000, 0x0000000083500000| Untracked 
|  18|0x0000000083600000, 0x0000000083700000, 0x0000000083700000|100%| O|  |TAMS 0x0000000083700000, 0x0000000083600000| Untracked 
|  19|0x0000000083700000, 0x0000000083800000, 0x0000000083800000|100%| O|  |TAMS 0x0000000083800000, 0x0000000083700000| Untracked 
|  20|0x0000000083800000, 0x0000000083900000, 0x0000000083900000|100%| O|  |TAMS 0x0000000083900000, 0x0000000083800000| Untracked 
|  21|0x0000000083900000, 0x0000000083a00000, 0x0000000083a00000|100%| O|  |TAMS 0x0000000083a00000, 0x0000000083900000| Untracked 
|  22|0x0000000083a00000, 0x0000000083b00000, 0x0000000083b00000|100%| O|  |TAMS 0x0000000083b00000, 0x0000000083a00000| Untracked 
|  23|0x0000000083b00000, 0x0000000083c00000, 0x0000000083c00000|100%| O|  |TAMS 0x0000000083c00000, 0x0000000083b00000| Untracked 
|  24|0x0000000083c00000, 0x0000000083d00000, 0x0000000083d00000|100%| O|  |TAMS 0x0000000083d00000, 0x0000000083c00000| Untracked 
|  25|0x0000000083d00000, 0x0000000083e00000, 0x0000000083e00000|100%| O|  |TAMS 0x0000000083dd5c00, 0x0000000083d00000| Untracked 
|  26|0x0000000083e00000, 0x0000000083e00000, 0x0000000083f00000|  0%| F|  |TAMS 0x0000000083e00000, 0x0000000083e00000| Untracked 
|  27|0x0000000083f00000, 0x0000000084000000, 0x0000000084000000|100%| O|  |TAMS 0x0000000083f00000, 0x0000000083f00000| Untracked 
|  28|0x0000000084000000, 0x0000000084100000, 0x0000000084100000|100%| O|  |TAMS 0x0000000084000000, 0x0000000084000000| Untracked 
|  29|0x0000000084100000, 0x0000000084200000, 0x0000000084200000|100%| O|  |TAMS 0x0000000084100000, 0x0000000084100000| Untracked 
|  30|0x0000000084200000, 0x0000000084300000, 0x0000000084300000|100%| O|  |TAMS 0x0000000084200000, 0x0000000084200000| Untracked 
|  31|0x0000000084300000, 0x0000000084400000, 0x0000000084400000|100%| O|  |TAMS 0x0000000084300000, 0x0000000084300000| Untracked 
|  32|0x0000000084400000, 0x0000000084462200, 0x0000000084500000| 38%| O|  |TAMS 0x0000000084400000, 0x0000000084400000| Untracked 
|  33|0x0000000084500000, 0x0000000084500000, 0x0000000084600000|  0%| F|  |TAMS 0x0000000084500000, 0x0000000084500000| Untracked 
|  34|0x0000000084600000, 0x0000000084600000, 0x0000000084700000|  0%| F|  |TAMS 0x0000000084600000, 0x0000000084600000| Untracked 
|  35|0x0000000084700000, 0x0000000084700000, 0x0000000084800000|  0%| F|  |TAMS 0x0000000084700000, 0x0000000084700000| Untracked 
|  36|0x0000000084800000, 0x0000000084800000, 0x0000000084900000|  0%| F|  |TAMS 0x0000000084800000, 0x0000000084800000| Untracked 
|  37|0x0000000084900000, 0x0000000084900000, 0x0000000084a00000|  0%| F|  |TAMS 0x0000000084900000, 0x0000000084900000| Untracked 
|  38|0x0000000084a00000, 0x0000000084a00000, 0x0000000084b00000|  0%| F|  |TAMS 0x0000000084a00000, 0x0000000084a00000| Untracked 
|  39|0x0000000084b00000, 0x0000000084b00000, 0x0000000084c00000|  0%| F|  |TAMS 0x0000000084b00000, 0x0000000084b00000| Untracked 
|  40|0x0000000084c00000, 0x0000000084c00000, 0x0000000084d00000|  0%| F|  |TAMS 0x0000000084c00000, 0x0000000084c00000| Untracked 
|  41|0x0000000084d00000, 0x0000000084d00000, 0x0000000084e00000|  0%| F|  |TAMS 0x0000000084d00000, 0x0000000084d00000| Untracked 
|  42|0x0000000084e00000, 0x0000000084e00000, 0x0000000084f00000|  0%| F|  |TAMS 0x0000000084e00000, 0x0000000084e00000| Untracked 
|  43|0x0000000084f00000, 0x0000000084f00000, 0x0000000085000000|  0%| F|  |TAMS 0x0000000084f00000, 0x0000000084f00000| Untracked 
|  44|0x0000000085000000, 0x0000000085000000, 0x0000000085100000|  0%| F|  |TAMS 0x0000000085000000, 0x0000000085000000| Untracked 
|  45|0x0000000085100000, 0x0000000085100000, 0x0000000085200000|  0%| F|  |TAMS 0x0000000085100000, 0x0000000085100000| Untracked 
|  46|0x0000000085200000, 0x0000000085200000, 0x0000000085300000|  0%| F|  |TAMS 0x0000000085200000, 0x0000000085200000| Untracked 
|  47|0x0000000085300000, 0x0000000085300000, 0x0000000085400000|  0%| F|  |TAMS 0x0000000085300000, 0x0000000085300000| Untracked 
|  48|0x0000000085400000, 0x0000000085400000, 0x0000000085500000|  0%| F|  |TAMS 0x0000000085400000, 0x0000000085400000| Untracked 
|  49|0x0000000085500000, 0x0000000085500000, 0x0000000085600000|  0%| F|  |TAMS 0x0000000085500000, 0x0000000085500000| Untracked 
|  50|0x0000000085600000, 0x0000000085600000, 0x0000000085700000|  0%| F|  |TAMS 0x0000000085600000, 0x0000000085600000| Untracked 
|  51|0x0000000085700000, 0x0000000085700000, 0x0000000085800000|  0%| F|  |TAMS 0x0000000085700000, 0x0000000085700000| Untracked 
|  52|0x0000000085800000, 0x0000000085800000, 0x0000000085900000|  0%| F|  |TAMS 0x0000000085800000, 0x0000000085800000| Untracked 
|  53|0x0000000085900000, 0x0000000085900000, 0x0000000085a00000|  0%| F|  |TAMS 0x0000000085900000, 0x0000000085900000| Untracked 
|  54|0x0000000085a00000, 0x0000000085a00000, 0x0000000085b00000|  0%| F|  |TAMS 0x0000000085a00000, 0x0000000085a00000| Untracked 
|  55|0x0000000085b00000, 0x0000000085b00000, 0x0000000085c00000|  0%| F|  |TAMS 0x0000000085b00000, 0x0000000085b00000| Untracked 
|  56|0x0000000085c00000, 0x0000000085c00000, 0x0000000085d00000|  0%| F|  |TAMS 0x0000000085c00000, 0x0000000085c00000| Untracked 
|  57|0x0000000085d00000, 0x0000000085d00000, 0x0000000085e00000|  0%| F|  |TAMS 0x0000000085d00000, 0x0000000085d00000| Untracked 
|  58|0x0000000085e00000, 0x0000000085e00000, 0x0000000085f00000|  0%| F|  |TAMS 0x0000000085e00000, 0x0000000085e00000| Untracked 
|  59|0x0000000085f00000, 0x0000000085f00000, 0x0000000086000000|  0%| F|  |TAMS 0x0000000085f00000, 0x0000000085f00000| Untracked 
|  60|0x0000000086000000, 0x0000000086000000, 0x0000000086100000|  0%| F|  |TAMS 0x0000000086000000, 0x0000000086000000| Untracked 
|  61|0x0000000086100000, 0x0000000086100000, 0x0000000086200000|  0%| F|  |TAMS 0x0000000086100000, 0x0000000086100000| Untracked 
|  62|0x0000000086200000, 0x0000000086200000, 0x0000000086300000|  0%| F|  |TAMS 0x0000000086200000, 0x0000000086200000| Untracked 
|  63|0x0000000086300000, 0x0000000086300000, 0x0000000086400000|  0%| F|  |TAMS 0x0000000086300000, 0x0000000086300000| Untracked 
|  64|0x0000000086400000, 0x0000000086400000, 0x0000000086500000|  0%| F|  |TAMS 0x0000000086400000, 0x0000000086400000| Untracked 
|  65|0x0000000086500000, 0x0000000086500000, 0x0000000086600000|  0%| F|  |TAMS 0x0000000086500000, 0x0000000086500000| Untracked 
|  66|0x0000000086600000, 0x0000000086600000, 0x0000000086700000|  0%| F|  |TAMS 0x0000000086600000, 0x0000000086600000| Untracked 
|  67|0x0000000086700000, 0x0000000086700000, 0x0000000086800000|  0%| F|  |TAMS 0x0000000086700000, 0x0000000086700000| Untracked 
|  68|0x0000000086800000, 0x0000000086800000, 0x0000000086900000|  0%| F|  |TAMS 0x0000000086800000, 0x0000000086800000| Untracked 
|  69|0x0000000086900000, 0x0000000086900000, 0x0000000086a00000|  0%| F|  |TAMS 0x0000000086900000, 0x0000000086900000| Untracked 
|  70|0x0000000086a00000, 0x0000000086a93fe8, 0x0000000086b00000| 57%| S|CS|TAMS 0x0000000086a00000, 0x0000000086a00000| Complete 
|  71|0x0000000086b00000, 0x0000000086c00000, 0x0000000086c00000|100%| S|CS|TAMS 0x0000000086b00000, 0x0000000086b00000| Complete 
|  72|0x0000000086c00000, 0x0000000086d00000, 0x0000000086d00000|100%| S|CS|TAMS 0x0000000086c00000, 0x0000000086c00000| Complete 
|  73|0x0000000086d00000, 0x0000000086e00000, 0x0000000086e00000|100%| S|CS|TAMS 0x0000000086d00000, 0x0000000086d00000| Complete 
|  74|0x0000000086e00000, 0x0000000086f00000, 0x0000000086f00000|100%| S|CS|TAMS 0x0000000086e00000, 0x0000000086e00000| Complete 
|  75|0x0000000086f00000, 0x0000000087000000, 0x0000000087000000|100%| S|CS|TAMS 0x0000000086f00000, 0x0000000086f00000| Complete 
|  76|0x0000000087000000, 0x0000000087000000, 0x0000000087100000|  0%| F|  |TAMS 0x0000000087000000, 0x0000000087000000| Untracked 
|  77|0x0000000087100000, 0x0000000087100000, 0x0000000087200000|  0%| F|  |TAMS 0x0000000087100000, 0x0000000087100000| Untracked 
|  78|0x0000000087200000, 0x0000000087200000, 0x0000000087300000|  0%| F|  |TAMS 0x0000000087200000, 0x0000000087200000| Untracked 
|  79|0x0000000087300000, 0x0000000087300000, 0x0000000087400000|  0%| F|  |TAMS 0x0000000087300000, 0x0000000087300000| Untracked 
|  80|0x0000000087400000, 0x0000000087400000, 0x0000000087500000|  0%| F|  |TAMS 0x0000000087400000, 0x0000000087400000| Untracked 
|  81|0x0000000087500000, 0x0000000087500000, 0x0000000087600000|  0%| F|  |TAMS 0x0000000087500000, 0x0000000087500000| Untracked 
|  82|0x0000000087600000, 0x0000000087600000, 0x0000000087700000|  0%| F|  |TAMS 0x0000000087600000, 0x0000000087600000| Untracked 
|  83|0x0000000087700000, 0x0000000087700000, 0x0000000087800000|  0%| F|  |TAMS 0x0000000087700000, 0x0000000087700000| Untracked 
|  84|0x0000000087800000, 0x0000000087800000, 0x0000000087900000|  0%| F|  |TAMS 0x0000000087800000, 0x0000000087800000| Untracked 
|  85|0x0000000087900000, 0x0000000087900000, 0x0000000087a00000|  0%| F|  |TAMS 0x0000000087900000, 0x0000000087900000| Untracked 
|  86|0x0000000087a00000, 0x0000000087a00000, 0x0000000087b00000|  0%| F|  |TAMS 0x0000000087a00000, 0x0000000087a00000| Untracked 
|  87|0x0000000087b00000, 0x0000000087b00000, 0x0000000087c00000|  0%| F|  |TAMS 0x0000000087b00000, 0x0000000087b00000| Untracked 
|  88|0x0000000087c00000, 0x0000000087c00000, 0x0000000087d00000|  0%| F|  |TAMS 0x0000000087c00000, 0x0000000087c00000| Untracked 
|  89|0x0000000087d00000, 0x0000000087d00000, 0x0000000087e00000|  0%| F|  |TAMS 0x0000000087d00000, 0x0000000087d00000| Untracked 
|  90|0x0000000087e00000, 0x0000000087e00000, 0x0000000087f00000|  0%| F|  |TAMS 0x0000000087e00000, 0x0000000087e00000| Untracked 
|  91|0x0000000087f00000, 0x0000000087f00000, 0x0000000088000000|  0%| F|  |TAMS 0x0000000087f00000, 0x0000000087f00000| Untracked 
|  92|0x0000000088000000, 0x0000000088000000, 0x0000000088100000|  0%| F|  |TAMS 0x0000000088000000, 0x0000000088000000| Untracked 
|  93|0x0000000088100000, 0x0000000088100000, 0x0000000088200000|  0%| F|  |TAMS 0x0000000088100000, 0x0000000088100000| Untracked 
|  94|0x0000000088200000, 0x0000000088200000, 0x0000000088300000|  0%| F|  |TAMS 0x0000000088200000, 0x0000000088200000| Untracked 
|  95|0x0000000088300000, 0x0000000088300000, 0x0000000088400000|  0%| F|  |TAMS 0x0000000088300000, 0x0000000088300000| Untracked 
|  96|0x0000000088400000, 0x0000000088400000, 0x0000000088500000|  0%| F|  |TAMS 0x0000000088400000, 0x0000000088400000| Untracked 
|  97|0x0000000088500000, 0x0000000088500000, 0x0000000088600000|  0%| F|  |TAMS 0x0000000088500000, 0x0000000088500000| Untracked 
|  98|0x0000000088600000, 0x0000000088600000, 0x0000000088700000|  0%| F|  |TAMS 0x0000000088600000, 0x0000000088600000| Untracked 
|  99|0x0000000088700000, 0x0000000088700000, 0x0000000088800000|  0%| F|  |TAMS 0x0000000088700000, 0x0000000088700000| Untracked 
| 100|0x0000000088800000, 0x0000000088800000, 0x0000000088900000|  0%| F|  |TAMS 0x0000000088800000, 0x0000000088800000| Untracked 
| 101|0x0000000088900000, 0x0000000088900000, 0x0000000088a00000|  0%| F|  |TAMS 0x0000000088900000, 0x0000000088900000| Untracked 
| 102|0x0000000088a00000, 0x0000000088a00000, 0x0000000088b00000|  0%| F|  |TAMS 0x0000000088a00000, 0x0000000088a00000| Untracked 
| 103|0x0000000088b00000, 0x0000000088b00000, 0x0000000088c00000|  0%| F|  |TAMS 0x0000000088b00000, 0x0000000088b00000| Untracked 
| 104|0x0000000088c00000, 0x0000000088c00000, 0x0000000088d00000|  0%| F|  |TAMS 0x0000000088c00000, 0x0000000088c00000| Untracked 
| 105|0x0000000088d00000, 0x0000000088d00000, 0x0000000088e00000|  0%| F|  |TAMS 0x0000000088d00000, 0x0000000088d00000| Untracked 
| 106|0x0000000088e00000, 0x0000000088e00000, 0x0000000088f00000|  0%| F|  |TAMS 0x0000000088e00000, 0x0000000088e00000| Untracked 
| 107|0x0000000088f00000, 0x0000000088f00000, 0x0000000089000000|  0%| F|  |TAMS 0x0000000088f00000, 0x0000000088f00000| Untracked 
| 108|0x0000000089000000, 0x0000000089000000, 0x0000000089100000|  0%| F|  |TAMS 0x0000000089000000, 0x0000000089000000| Untracked 
| 109|0x0000000089100000, 0x0000000089100000, 0x0000000089200000|  0%| F|  |TAMS 0x0000000089100000, 0x0000000089100000| Untracked 
| 110|0x0000000089200000, 0x0000000089200000, 0x0000000089300000|  0%| F|  |TAMS 0x0000000089200000, 0x0000000089200000| Untracked 
| 111|0x0000000089300000, 0x0000000089300000, 0x0000000089400000|  0%| F|  |TAMS 0x0000000089300000, 0x0000000089300000| Untracked 
| 112|0x0000000089400000, 0x0000000089400000, 0x0000000089500000|  0%| F|  |TAMS 0x0000000089400000, 0x0000000089400000| Untracked 
| 113|0x0000000089500000, 0x0000000089500000, 0x0000000089600000|  0%| F|  |TAMS 0x0000000089500000, 0x0000000089500000| Untracked 
| 114|0x0000000089600000, 0x0000000089600000, 0x0000000089700000|  0%| F|  |TAMS 0x0000000089600000, 0x0000000089600000| Untracked 
| 115|0x0000000089700000, 0x0000000089700000, 0x0000000089800000|  0%| F|  |TAMS 0x0000000089700000, 0x0000000089700000| Untracked 
| 116|0x0000000089800000, 0x0000000089800000, 0x0000000089900000|  0%| F|  |TAMS 0x0000000089800000, 0x0000000089800000| Untracked 
| 117|0x0000000089900000, 0x0000000089900000, 0x0000000089a00000|  0%| F|  |TAMS 0x0000000089900000, 0x0000000089900000| Untracked 
| 118|0x0000000089a00000, 0x0000000089a00000, 0x0000000089b00000|  0%| F|  |TAMS 0x0000000089a00000, 0x0000000089a00000| Untracked 
| 119|0x0000000089b00000, 0x0000000089b00000, 0x0000000089c00000|  0%| F|  |TAMS 0x0000000089b00000, 0x0000000089b00000| Untracked 
| 120|0x0000000089c00000, 0x0000000089c00000, 0x0000000089d00000|  0%| F|  |TAMS 0x0000000089c00000, 0x0000000089c00000| Untracked 
| 121|0x0000000089d00000, 0x0000000089d00000, 0x0000000089e00000|  0%| F|  |TAMS 0x0000000089d00000, 0x0000000089d00000| Untracked 
| 122|0x0000000089e00000, 0x0000000089e00000, 0x0000000089f00000|  0%| F|  |TAMS 0x0000000089e00000, 0x0000000089e00000| Untracked 
| 123|0x0000000089f00000, 0x0000000089f00000, 0x000000008a000000|  0%| F|  |TAMS 0x0000000089f00000, 0x0000000089f00000| Untracked 
| 124|0x000000008a000000, 0x000000008a000000, 0x000000008a100000|  0%| F|  |TAMS 0x000000008a000000, 0x000000008a000000| Untracked 
| 125|0x000000008a100000, 0x000000008a100000, 0x000000008a200000|  0%| F|  |TAMS 0x000000008a100000, 0x000000008a100000| Untracked 
| 126|0x000000008a200000, 0x000000008a200000, 0x000000008a300000|  0%| F|  |TAMS 0x000000008a200000, 0x000000008a200000| Untracked 
| 127|0x000000008a300000, 0x000000008a300000, 0x000000008a400000|  0%| F|  |TAMS 0x000000008a300000, 0x000000008a300000| Untracked 
| 128|0x000000008a400000, 0x000000008a400000, 0x000000008a500000|  0%| F|  |TAMS 0x000000008a400000, 0x000000008a400000| Untracked 
| 129|0x000000008a500000, 0x000000008a500000, 0x000000008a600000|  0%| F|  |TAMS 0x000000008a500000, 0x000000008a500000| Untracked 
| 130|0x000000008a600000, 0x000000008a600000, 0x000000008a700000|  0%| F|  |TAMS 0x000000008a600000, 0x000000008a600000| Untracked 
| 131|0x000000008a700000, 0x000000008a700000, 0x000000008a800000|  0%| F|  |TAMS 0x000000008a700000, 0x000000008a700000| Untracked 
| 132|0x000000008a800000, 0x000000008a800000, 0x000000008a900000|  0%| F|  |TAMS 0x000000008a800000, 0x000000008a800000| Untracked 
| 133|0x000000008a900000, 0x000000008a900000, 0x000000008aa00000|  0%| F|  |TAMS 0x000000008a900000, 0x000000008a900000| Untracked 
| 134|0x000000008aa00000, 0x000000008aa00000, 0x000000008ab00000|  0%| F|  |TAMS 0x000000008aa00000, 0x000000008aa00000| Untracked 
| 135|0x000000008ab00000, 0x000000008ab00000, 0x000000008ac00000|  0%| F|  |TAMS 0x000000008ab00000, 0x000000008ab00000| Untracked 
| 136|0x000000008ac00000, 0x000000008ac00000, 0x000000008ad00000|  0%| F|  |TAMS 0x000000008ac00000, 0x000000008ac00000| Untracked 
| 137|0x000000008ad00000, 0x000000008ad00000, 0x000000008ae00000|  0%| F|  |TAMS 0x000000008ad00000, 0x000000008ad00000| Untracked 
| 138|0x000000008ae00000, 0x000000008ae00000, 0x000000008af00000|  0%| F|  |TAMS 0x000000008ae00000, 0x000000008ae00000| Untracked 
| 139|0x000000008af00000, 0x000000008af00000, 0x000000008b000000|  0%| F|  |TAMS 0x000000008af00000, 0x000000008af00000| Untracked 
| 140|0x000000008b000000, 0x000000008b000000, 0x000000008b100000|  0%| F|  |TAMS 0x000000008b000000, 0x000000008b000000| Untracked 
| 141|0x000000008b100000, 0x000000008b100000, 0x000000008b200000|  0%| F|  |TAMS 0x000000008b100000, 0x000000008b100000| Untracked 
| 142|0x000000008b200000, 0x000000008b200000, 0x000000008b300000|  0%| F|  |TAMS 0x000000008b200000, 0x000000008b200000| Untracked 
| 143|0x000000008b300000, 0x000000008b300000, 0x000000008b400000|  0%| F|  |TAMS 0x000000008b300000, 0x000000008b300000| Untracked 
| 144|0x000000008b400000, 0x000000008b400000, 0x000000008b500000|  0%| F|  |TAMS 0x000000008b400000, 0x000000008b400000| Untracked 
| 145|0x000000008b500000, 0x000000008b500000, 0x000000008b600000|  0%| F|  |TAMS 0x000000008b500000, 0x000000008b500000| Untracked 
| 146|0x000000008b600000, 0x000000008b680800, 0x000000008b700000| 50%| E|  |TAMS 0x000000008b600000, 0x000000008b600000| Complete 
| 147|0x000000008b700000, 0x000000008b800000, 0x000000008b800000|100%| E|CS|TAMS 0x000000008b700000, 0x000000008b700000| Complete 
| 148|0x000000008b800000, 0x000000008b900000, 0x000000008b900000|100%| E|CS|TAMS 0x000000008b800000, 0x000000008b800000| Complete 
| 149|0x000000008b900000, 0x000000008ba00000, 0x000000008ba00000|100%| E|CS|TAMS 0x000000008b900000, 0x000000008b900000| Complete 
| 150|0x000000008ba00000, 0x000000008bb00000, 0x000000008bb00000|100%| E|CS|TAMS 0x000000008ba00000, 0x000000008ba00000| Complete 
| 151|0x000000008bb00000, 0x000000008bc00000, 0x000000008bc00000|100%| E|CS|TAMS 0x000000008bb00000, 0x000000008bb00000| Complete 

Card table byte_map: [0x0000027bc2330000,0x0000027bc2720000] _byte_map_base: 0x0000027bc1f1e000

Marking Bits (Prev, Next): (CMBitMap*) 0x0000027ba8a16b38, (CMBitMap*) 0x0000027ba8a16b70
 Prev Bits: [0x0000027bc2b10000, 0x0000027bc4a80000)
 Next Bits: [0x0000027bc4a80000, 0x0000027bc69f0000)

Polling page: 0x0000027ba8ab0000

Metaspace:

Usage:
  Non-class:     42.47 MB capacity,    42.17 MB (>99%) used,   234.57 KB ( <1%) free+waste,    73.94 KB ( <1%) overhead. 
      Class:      5.79 MB capacity,     5.57 MB ( 96%) used,   194.96 KB (  3%) free+waste,    32.25 KB ( <1%) overhead. 
       Both:     48.27 MB capacity,    47.74 MB ( 99%) used,   429.53 KB ( <1%) free+waste,   106.19 KB ( <1%) overhead. 

Virtual space:
  Non-class space:       44.00 MB reserved,      42.58 MB ( 97%) committed 
      Class space:        1.00 GB reserved,       5.88 MB ( <1%) committed 
             Both:        1.04 GB reserved,      48.45 MB (  5%) committed 

Chunk freelists:
   Non-Class:  5.63 KB
       Class:  2.38 KB
        Both:  8.00 KB

CodeHeap 'non-profiled nmethods': size=120000Kb used=2087Kb max_used=2087Kb free=117912Kb
 bounds [0x0000027bb9fa0000, 0x0000027bba210000, 0x0000027bc14d0000]
CodeHeap 'profiled nmethods': size=120000Kb used=9705Kb max_used=9705Kb free=110294Kb
 bounds [0x0000027bb2a70000, 0x0000027bb33f0000, 0x0000027bb9fa0000]
CodeHeap 'non-nmethods': size=5760Kb used=1197Kb max_used=1252Kb free=4562Kb
 bounds [0x0000027bb24d0000, 0x0000027bb2740000, 0x0000027bb2a70000]
 total_blobs=5741 nmethods=4184 adapters=461
 compilation: enabled
              stopped_count=0, restarted_count=0
 full_count=0

Compilation events (10 events):
Event: 8.287 Thread 0x0000027bc9e10800 4216       2       org.jetbrains.kotlin.psi.KtNameReferenceExpression::<init> (12 bytes)
Event: 8.288 Thread 0x0000027bc9e10800 nmethod 4216 0x0000027bb33e1d10 code [0x0000027bb33e1f20, 0x0000027bb33e2310]
Event: 8.289 Thread 0x0000027bc9e10800 4217       1       org.jetbrains.kotlin.cli.jvm.index.JvmDependenciesIndexImpl$FindClassRequest::getClassId (5 bytes)
Event: 8.289 Thread 0x0000027bc9e10800 nmethod 4217 0x0000027bba1a6390 code [0x0000027bba1a6540, 0x0000027bba1a6658]
Event: 8.290 Thread 0x0000027bc9e10800 4218       2       sun.nio.fs.WindowsFileAttributes::<init> (57 bytes)
Event: 8.290 Thread 0x0000027bc9e10800 nmethod 4218 0x0000027bb33e2590 code [0x0000027bb33e2740, 0x0000027bb33e28d8]
Event: 8.294 Thread 0x0000027bc9e10800 4219       1       org.jetbrains.kotlin.types.SimpleTypeImpl::getArguments (5 bytes)
Event: 8.294 Thread 0x0000027bc9e10800 nmethod 4219 0x0000027bba1a6710 code [0x0000027bba1a68c0, 0x0000027bba1a69d8]
Event: 8.302 Thread 0x0000027bce9be800 nmethod 4145 0x0000027bba1a6a90 code [0x0000027bba1a6dc0, 0x0000027bba1a8860]
Event: 8.303 Thread 0x0000027bce9be800 4203       4       org.jetbrains.kotlin.metadata.ProtoBuf$Type::isInitialized (145 bytes)

GC Heap History (10 events):
Event: 4.346 GC heap before
{Heap before GC invocations=3 (full 0):
 garbage-first heap   total 129024K, used 63711K [0x0000000082400000, 0x0000000100000000)
  region size 1024K, 56 young (57344K), 7 survivors (7168K)
 Metaspace       used 32366K, capacity 32767K, committed 33072K, reserved 1079296K
  class space    used 4052K, capacity 4214K, committed 4224K, reserved 1048576K
}
Event: 4.377 GC heap after
{Heap after GC invocations=4 (full 0):
 garbage-first heap   total 129024K, used 25590K [0x0000000082400000, 0x0000000100000000)
  region size 1024K, 7 young (7168K), 7 survivors (7168K)
 Metaspace       used 32366K, capacity 32767K, committed 33072K, reserved 1079296K
  class space    used 4052K, capacity 4214K, committed 4224K, reserved 1048576K
}
Event: 4.514 GC heap before
{Heap before GC invocations=4 (full 0):
 garbage-first heap   total 129024K, used 30710K [0x0000000082400000, 0x0000000100000000)
  region size 1024K, 12 young (12288K), 7 survivors (7168K)
 Metaspace       used 33759K, capacity 34143K, committed 34352K, reserved 1079296K
  class space    used 4212K, capacity 4374K, committed 4480K, reserved 1048576K
}
Event: 4.527 GC heap after
{Heap after GC invocations=5 (full 0):
 garbage-first heap   total 129024K, used 27479K [0x0000000082400000, 0x0000000100000000)
  region size 1024K, 1 young (1024K), 1 survivors (1024K)
 Metaspace       used 33759K, capacity 34143K, committed 34352K, reserved 1079296K
  class space    used 4212K, capacity 4374K, committed 4480K, reserved 1048576K
}
Event: 4.800 GC heap before
{Heap before GC invocations=5 (full 0):
 garbage-first heap   total 129024K, used 35671K [0x0000000082400000, 0x0000000100000000)
  region size 1024K, 10 young (10240K), 1 survivors (1024K)
 Metaspace       used 35407K, capacity 35755K, committed 35920K, reserved 1081344K
  class space    used 4390K, capacity 4570K, committed 4608K, reserved 1048576K
}
Event: 4.804 GC heap after
{Heap after GC invocations=6 (full 0):
 garbage-first heap   total 129024K, used 26048K [0x0000000082400000, 0x0000000100000000)
  region size 1024K, 2 young (2048K), 2 survivors (2048K)
 Metaspace       used 35407K, capacity 35755K, committed 35920K, reserved 1081344K
  class space    used 4390K, capacity 4570K, committed 4608K, reserved 1048576K
}
Event: 6.350 GC heap before
{Heap before GC invocations=7 (full 0):
 garbage-first heap   total 129024K, used 68032K [0x0000000082400000, 0x0000000100000000)
  region size 1024K, 43 young (44032K), 2 survivors (2048K)
 Metaspace       used 43764K, capacity 44162K, committed 44368K, reserved 1089536K
  class space    used 5170K, capacity 5360K, committed 5376K, reserved 1048576K
}
Event: 6.361 GC heap after
{Heap after GC invocations=8 (full 0):
 garbage-first heap   total 129024K, used 30340K [0x0000000082400000, 0x0000000100000000)
  region size 1024K, 6 young (6144K), 6 survivors (6144K)
 Metaspace       used 43764K, capacity 44162K, committed 44368K, reserved 1089536K
  class space    used 5170K, capacity 5360K, committed 5376K, reserved 1048576K
}
Event: 8.213 GC heap before
{Heap before GC invocations=8 (full 0):
 garbage-first heap   total 129024K, used 78468K [0x0000000082400000, 0x0000000100000000)
  region size 1024K, 50 young (51200K), 6 survivors (6144K)
 Metaspace       used 48674K, capacity 49231K, committed 49360K, reserved 1093632K
  class space    used 5685K, capacity 5933K, committed 6016K, reserved 1048576K
}
Event: 8.232 GC heap after
{Heap after GC invocations=9 (full 0):
 garbage-first heap   total 155648K, used 37848K [0x0000000082400000, 0x0000000100000000)
  region size 1024K, 6 young (6144K), 6 survivors (6144K)
 Metaspace       used 48674K, capacity 49231K, committed 49360K, reserved 1093632K
  class space    used 5685K, capacity 5933K, committed 6016K, reserved 1048576K
}

Deoptimization events (10 events):
Event: 7.997 Thread 0x0000027ba89d8800 Uncommon trap: reason=predicate action=maybe_recompile pc=0x0000027bba109454 method=org.jetbrains.kotlin.com.intellij.psi.impl.source.CharTableImpl$StringHashToCharSequencesMap.charSequenceSubSequenceEquals(Ljava/lang/CharSequence;Ljava/lang/CharSequence;
Event: 7.997 Thread 0x0000027ba89d8800 Uncommon trap: reason=class_check action=maybe_recompile pc=0x0000027bba14188c method=org.jetbrains.kotlin.com.intellij.psi.impl.source.CharTableImpl.intern(Ljava/lang/CharSequence;II)Ljava/lang/CharSequence; @ 13 c2
Event: 7.997 Thread 0x0000027ba89d8800 Uncommon trap: reason=class_check action=maybe_recompile pc=0x0000027bba112ec0 method=org.jetbrains.kotlin.com.intellij.psi.impl.source.CharTableImpl.intern(Ljava/lang/CharSequence;II)Ljava/lang/CharSequence; @ 13 c2
Event: 7.997 Thread 0x0000027ba89d8800 Uncommon trap: reason=class_check action=maybe_recompile pc=0x0000027bba14188c method=org.jetbrains.kotlin.com.intellij.psi.impl.source.CharTableImpl.intern(Ljava/lang/CharSequence;II)Ljava/lang/CharSequence; @ 13 c2
Event: 7.997 Thread 0x0000027ba89d8800 Uncommon trap: reason=class_check action=maybe_recompile pc=0x0000027bba112ec0 method=org.jetbrains.kotlin.com.intellij.psi.impl.source.CharTableImpl.intern(Ljava/lang/CharSequence;II)Ljava/lang/CharSequence; @ 13 c2
Event: 7.998 Thread 0x0000027ba89d8800 Uncommon trap: reason=class_check action=maybe_recompile pc=0x0000027bba0fdc8c method=org.jetbrains.kotlin.com.intellij.psi.impl.source.tree.TreeElement.rawRemoveUpToWithoutNotifications(Lorg/jetbrains/kotlin/com/intellij/psi/impl/source/tree/TreeElement;
Event: 7.998 Thread 0x0000027ba89d8800 Uncommon trap: reason=class_check action=maybe_recompile pc=0x0000027bba0f4564 method=org.jetbrains.kotlin.com.intellij.psi.impl.source.tree.SharedImplUtil.findFileElement(Lorg/jetbrains/kotlin/com/intellij/lang/ASTNode;)Lorg/jetbrains/kotlin/com/intellij
Event: 7.998 Thread 0x0000027ba89d8800 Uncommon trap: reason=class_check action=maybe_recompile pc=0x0000027bba0f4564 method=org.jetbrains.kotlin.com.intellij.psi.impl.source.tree.SharedImplUtil.findFileElement(Lorg/jetbrains/kotlin/com/intellij/lang/ASTNode;)Lorg/jetbrains/kotlin/com/intellij
Event: 7.998 Thread 0x0000027ba89d8800 Uncommon trap: reason=class_check action=maybe_recompile pc=0x0000027bba0f4564 method=org.jetbrains.kotlin.com.intellij.psi.impl.source.tree.SharedImplUtil.findFileElement(Lorg/jetbrains/kotlin/com/intellij/lang/ASTNode;)Lorg/jetbrains/kotlin/com/intellij
Event: 7.998 Thread 0x0000027ba89d8800 Uncommon trap: reason=class_check action=maybe_recompile pc=0x0000027bba0f4564 method=org.jetbrains.kotlin.com.intellij.psi.impl.source.tree.SharedImplUtil.findFileElement(Lorg/jetbrains/kotlin/com/intellij/lang/ASTNode;)Lorg/jetbrains/kotlin/com/intellij

Classes redefined (0 events):
No events

Internal exceptions (10 events):
Event: 3.310 Thread 0x0000027ba89d8800 Exception <a 'java/lang/NoSuchMethodError'{0x00000000893c5dd8}: java.lang.invoke.DirectMethodHandle$Holder.invokeStatic(Ljava/lang/Object;Ljava/lang/Object;Ljava/lang/Object;Ljava/lang/Object;)V> (0x00000000893c5dd8) thrown at [t:/workspace/open/src/hotsp
Event: 3.382 Thread 0x0000027ba89d8800 Exception <a 'java/lang/NoSuchMethodError'{0x0000000088e26268}: java.lang.invoke.DirectMethodHandle$Holder.invokeStaticInit(Ljava/lang/Object;Ljava/lang/Object;)V> (0x0000000088e26268) thrown at [t:/workspace/open/src/hotspot/share/interpreter/linkResolve
Event: 3.496 Thread 0x0000027ba89d8800 Exception <a 'java/lang/NoSuchMethodError'{0x0000000088a43fc8}: java.lang.invoke.DirectMethodHandle$Holder.invokeVirtual(Ljava/lang/Object;Ljava/lang/Object;)V> (0x0000000088a43fc8) thrown at [t:/workspace/open/src/hotspot/share/interpreter/linkResolver.c
Event: 3.514 Thread 0x0000027ba89d8800 Exception <a 'java/lang/NoSuchMethodError'{0x0000000088ac21d0}: java.lang.invoke.DirectMethodHandle$Holder.invokeVirtual(Ljava/lang/Object;Ljava/lang/Object;)I> (0x0000000088ac21d0) thrown at [t:/workspace/open/src/hotspot/share/interpreter/linkResolver.c
Event: 4.682 Thread 0x0000027ba89d8800 Exception <a 'java/lang/NoSuchMethodError'{0x0000000089b25988}: java.lang.invoke.DirectMethodHandle$Holder.invokeVirtual(Ljava/lang/Object;Ljava/lang/Object;Ljava/lang/Object;)Ljava/lang/Object;> (0x0000000089b25988) thrown at [t:/workspace/open/src/hotsp
Event: 5.822 Thread 0x0000027ba89d8800 Exception <a 'java/lang/NoSuchMethodError'{0x0000000087dc3548}: java.lang.invoke.Invokers$Holder.linkToTargetMethod(Ljava/lang/Object;ILjava/lang/Object;)Ljava/lang/Object;> (0x0000000087dc3548) thrown at [t:/workspace/open/src/hotspot/share/interpreter/l
Event: 6.292 Thread 0x0000027ba89d8800 Implicit null exception at 0x0000027bba0e1dcc to 0x0000027bba0e1eb2
Event: 6.567 Thread 0x0000027ba89d8800 Exception <a 'java/lang/NoSuchMethodError'{0x0000000089fcb508}: java.lang.invoke.DirectMethodHandle$Holder.invokeStatic(Ljava/lang/Object;Ljava/lang/Object;Ljava/lang/Object;I)Ljava/lang/Object;> (0x0000000089fcb508) thrown at [t:/workspace/open/src/hotsp
Event: 6.568 Thread 0x0000027ba89d8800 Exception <a 'java/lang/NoSuchMethodError'{0x0000000089fcf178}: java.lang.invoke.DirectMethodHandle$Holder.invokeSpecial(Ljava/lang/Object;Ljava/lang/Object;Ljava/lang/Object;Ljava/lang/Object;I)Ljava/lang/Object;> (0x0000000089fcf178) thrown at [t:/works
Event: 6.568 Thread 0x0000027ba89d8800 Exception <a 'java/lang/NoSuchMethodError'{0x0000000089fd2480}: java.lang.invoke.Invokers$Holder.linkToTargetMethod(Ljava/lang/Object;Ljava/lang/Object;ILjava/lang/Object;)Ljava/lang/Object;> (0x0000000089fd2480) thrown at [t:/workspace/open/src/hotspot/s

Events (10 events):
Event: 8.306 loading class org/jetbrains/kotlin/types/AbstractStubType
Event: 8.306 loading class org/jetbrains/kotlin/types/AbstractStubType done
Event: 8.307 loading class org/jetbrains/kotlin/types/SimpleTypeWithEnhancement
Event: 8.307 loading class org/jetbrains/kotlin/types/SimpleTypeWithEnhancement done
Event: 8.307 loading class org/jetbrains/kotlin/types/checker/NewCapturedType
Event: 8.307 loading class org/jetbrains/kotlin/types/checker/NewCapturedType done
Event: 8.308 loading class org/jetbrains/kotlin/types/AbstractNullabilityChecker
Event: 8.308 loading class org/jetbrains/kotlin/types/AbstractNullabilityChecker done
Event: 8.309 loading class org/jetbrains/kotlin/resolve/constants/IntegerLiteralTypeConstructor
Event: 8.309 loading class org/jetbrains/kotlin/resolve/constants/IntegerLiteralTypeConstructor done


Dynamic libraries:
0x00007ff75cb80000 - 0x00007ff75cbc7000 	C:\Program Files\Java\jdk-11.0.1\bin\java.exe
0x00007fff4c830000 - 0x00007fff4ca44000 	C:\WINDOWS\SYSTEM32\ntdll.dll
0x00007fff4b390000 - 0x00007fff4b453000 	C:\WINDOWS\System32\KERNEL32.DLL
0x00007fff4a1e0000 - 0x00007fff4a57c000 	C:\WINDOWS\System32\KERNELBASE.dll
0x00007fff4ac70000 - 0x00007fff4ad1e000 	C:\WINDOWS\System32\ADVAPI32.dll
0x00007fff4a7e0000 - 0x00007fff4a887000 	C:\WINDOWS\System32\msvcrt.dll
0x00007fff4bb80000 - 0x00007fff4bc24000 	C:\WINDOWS\System32\sechost.dll
0x00007fff4c670000 - 0x00007fff4c785000 	C:\WINDOWS\System32\RPCRT4.dll
0x00007fff4c4c0000 - 0x00007fff4c66d000 	C:\WINDOWS\System32\USER32.dll
0x00007fff49d90000 - 0x00007fff49db6000 	C:\WINDOWS\System32\win32u.dll
0x00007fff4b550000 - 0x00007fff4b579000 	C:\WINDOWS\System32\GDI32.dll
0x00007fff49c70000 - 0x00007fff49d82000 	C:\WINDOWS\System32\gdi32full.dll
0x00007fff49f50000 - 0x00007fff49fea000 	C:\WINDOWS\System32\msvcp_win.dll
0x00007fff49e30000 - 0x00007fff49f41000 	C:\WINDOWS\System32\ucrtbase.dll
0x00007fff30af0000 - 0x00007fff30d7e000 	C:\WINDOWS\WinSxS\amd64_microsoft.windows.common-controls_6595b64144ccf1df_6.0.22621.608_none_a9444ca7c10bb01d\COMCTL32.dll
0x00007fff41880000 - 0x00007fff4188a000 	C:\WINDOWS\SYSTEM32\VERSION.dll
0x00007fff4bae0000 - 0x00007fff4bb12000 	C:\WINDOWS\System32\IMM32.DLL
0x00007fff21a00000 - 0x00007fff21a16000 	C:\Program Files\Java\jdk-11.0.1\bin\vcruntime140.dll
0x00007fff04890000 - 0x00007fff0493a000 	C:\Program Files\Java\jdk-11.0.1\bin\msvcp140.dll
0x00007fff00e10000 - 0x00007fff01952000 	C:\Program Files\Java\jdk-11.0.1\bin\server\jvm.dll
0x00007fff4aef0000 - 0x00007fff4aef8000 	C:\WINDOWS\System32\PSAPI.DLL
0x00007fff42890000 - 0x00007fff428c4000 	C:\WINDOWS\SYSTEM32\WINMM.dll
0x00007fff34ed0000 - 0x00007fff34ed9000 	C:\WINDOWS\SYSTEM32\WSOCK32.dll
0x00007fff4b980000 - 0x00007fff4b9f1000 	C:\WINDOWS\System32\WS2_32.dll
0x00007fff48cc0000 - 0x00007fff48cd8000 	C:\WINDOWS\SYSTEM32\kernel.appcore.dll
0x00007fff21760000 - 0x00007fff21771000 	C:\Program Files\Java\jdk-11.0.1\bin\verify.dll
0x00007fff47700000 - 0x00007fff4792e000 	C:\WINDOWS\SYSTEM32\DBGHELP.DLL
0x00007fff4b580000 - 0x00007fff4b90a000 	C:\WINDOWS\System32\combase.dll
0x00007fff4ba00000 - 0x00007fff4bad7000 	C:\WINDOWS\System32\OLEAUT32.dll
0x00007fff385f0000 - 0x00007fff38622000 	C:\WINDOWS\SYSTEM32\dbgcore.DLL
0x00007fff4a160000 - 0x00007fff4a1db000 	C:\WINDOWS\System32\bcryptPrimitives.dll
0x00007fff19d50000 - 0x00007fff19d79000 	C:\Program Files\Java\jdk-11.0.1\bin\java.dll
0x00007fff20ce0000 - 0x00007fff20cf6000 	C:\Program Files\Java\jdk-11.0.1\bin\zip.dll
0x00007fff328c0000 - 0x00007fff328ca000 	C:\Program Files\Java\jdk-11.0.1\bin\jimage.dll
0x00007fff4bc50000 - 0x00007fff4c43f000 	C:\WINDOWS\System32\SHELL32.dll
0x00007fff47c90000 - 0x00007fff48558000 	C:\WINDOWS\SYSTEM32\windows.storage.dll
0x00007fff47b50000 - 0x00007fff47c8e000 	C:\WINDOWS\SYSTEM32\wintypes.dll
0x00007fff4aa50000 - 0x00007fff4ab41000 	C:\WINDOWS\System32\SHCORE.dll
0x00007fff4bb20000 - 0x00007fff4bb7e000 	C:\WINDOWS\System32\shlwapi.dll
0x00007fff49ba0000 - 0x00007fff49bc1000 	C:\WINDOWS\SYSTEM32\profapi.dll
0x00007fff220d0000 - 0x00007fff220e9000 	C:\Program Files\Java\jdk-11.0.1\bin\net.dll
0x00007fff41050000 - 0x00007fff4117f000 	C:\WINDOWS\SYSTEM32\WINHTTP.dll
0x00007fff49130000 - 0x00007fff49199000 	C:\WINDOWS\system32\mswsock.dll
0x00007fff220b0000 - 0x00007fff220c3000 	C:\Program Files\Java\jdk-11.0.1\bin\nio.dll

dbghelp: loaded successfully - version: 4.0.5 - missing functions: none
symbol engine: initialized successfully - sym options: 0x614 - pdb path: .;C:\Program Files\Java\jdk-11.0.1\bin;C:\WINDOWS\SYSTEM32;C:\WINDOWS\WinSxS\amd64_microsoft.windows.common-controls_6595b64144ccf1df_6.0.22621.608_none_a9444ca7c10bb01d;C:\Program Files\Java\jdk-11.0.1\bin\server

VM Arguments:
java_command: org.jetbrains.kotlin.cli.jvm.K2JVMCompiler @D:\Siten\SIDOC\sidoc-mobile\node_modules\react-native-gesture-handler\android\build\20230312_1965277138835861746.compiler.options
java_class_path (initial): C:\Users\DELL\.gradle\caches\modules-2\files-2.1\org.jetbrains.kotlin\kotlin-compiler-embeddable\1.6.21\97bdd5a752ce73b58ef16c17bc7f0ea2faff7a2e\kotlin-compiler-embeddable-1.6.21.jar;C:\Users\DELL\.gradle\caches\modules-2\files-2.1\org.jetbrains.kotlin\kotlin-reflect\1.6.21\5dc3574d9b7bebfcb4ec6b10ada4aaa9e140bd0b\kotlin-reflect-1.6.21.jar;C:\Users\DELL\.gradle\caches\modules-2\files-2.1\org.jetbrains.kotlin\kotlin-stdlib\1.6.21\11ef67f1900634fd951bad28c53ec957fabbe5b8\kotlin-stdlib-1.6.21.jar;C:\Users\DELL\.gradle\caches\modules-2\files-2.1\org.jetbrains.kotlin\kotlin-script-runtime\1.6.21\99c6675100da5d6d5b1c5a1032f27f28008d101b\kotlin-script-runtime-1.6.21.jar;C:\Users\DELL\.gradle\caches\modules-2\files-2.1\org.jetbrains.kotlin\kotlin-daemon-embeddable\1.6.21\46b78cf392e1c4f10854c3cadba44abb7b82250f\kotlin-daemon-embeddable-1.6.21.jar;C:\Users\DELL\.gradle\caches\modules-2\files-2.1\org.jetbrains.intellij.deps\trove4j\1.0.20200330\3afb14d5f9ceb459d724e907a21145e8ff394f02\trove4j-1.0.20200330.jar;C:\Users\DELL\.gradle\caches\modules-2\files-2.1\net.java.dev.jna\jna\5.6.0\330f2244e9030119ab3030fc3fededc86713d9cc\jna-5.6.0.jar;C:\Users\DELL\.gradle\caches\modules-2\files-2.1\org.jetbrains.kotlin\kotlin-stdlib-common\1.6.21\5e5b55c26dbc80372a920aef60eb774b714559b8\kotlin-stdlib-common-1.6.21.jar;C:\Users\DELL\.gradle\caches\modules-2\files-2.1\org.jetbrains\annotations\13.0\919f0dfe192fb4e063e7dacadee7f8bb9a2672a9\annotations-13.0.jar
Launcher Type: SUN_STANDARD

[Global flags]
     intx CICompilerCount                          = 4                                         {product} {ergonomic}
     uint ConcGCThreads                            = 2                                         {product} {ergonomic}
     uint G1ConcRefinementThreads                  = 8                                         {product} {ergonomic}
   size_t G1HeapRegionSize                         = 1048576                                   {product} {ergonomic}
    uintx GCDrainStackTargetSize                   = 64                                        {product} {ergonomic}
   size_t InitialHeapSize                          = 132120576                                 {product} {ergonomic}
   size_t MarkStackSize                            = 4194304                                   {product} {ergonomic}
   size_t MaxHeapSize                              = 2109734912                                {product} {ergonomic}
   size_t MaxNewSize                               = 1265631232                                {product} {ergonomic}
   size_t MinHeapDeltaBytes                        = 1048576                                   {product} {ergonomic}
    uintx NonNMethodCodeHeapSize                   = 5835340                                {pd product} {ergonomic}
    uintx NonProfiledCodeHeapSize                  = 122911450                              {pd product} {ergonomic}
    uintx ProfiledCodeHeapSize                     = 122911450                              {pd product} {ergonomic}
    uintx ReservedCodeCacheSize                    = 251658240                              {pd product} {ergonomic}
     bool SegmentedCodeCache                       = true                                      {product} {ergonomic}
     bool UseCompressedClassPointers               = true                                 {lp64_product} {ergonomic}
     bool UseCompressedOops                        = true                                 {lp64_product} {ergonomic}
     bool UseG1GC                                  = true                                      {product} {ergonomic}
     bool UseLargePagesIndividualAllocation        = false                                  {pd product} {ergonomic}

Logging:
Log output configuration:
 #0: stdout all=warning uptime,level,tags
 #1: stderr all=off uptime,level,tags

Environment Variables:
JAVA_HOME=C:\Program Files\Java\jdk-11.0.1
CLASSPATH=D:\Siten\SIDOC\sidoc-mobile\android\\gradle\wrapper\gradle-wrapper.jar
PATH=D:\Siten\SIDOC\sidoc-mobile\android\node_modules\.bin;D:\Siten\SIDOC\sidoc-mobile\node_modules\.bin;D:\Siten\SIDOC\node_modules\.bin;D:\Siten\node_modules\.bin;D:\node_modules\.bin;D:\nodejs;D:\Siten\SIDOC\sidoc-mobile\node_modules\.bin;D:\Siten\SIDOC\sidoc-mobile\node_modules\.bin;D:\Siten\SIDOC\node_modules\.bin;D:\Siten\node_modules\.bin;D:\node_modules\.bin;D:\nodejs\node_modules\npm\node_modules\@npmcli\run-script\lib\node-gyp-bin;D:\nodejs\;D:\git\Git\cmd;D:\Android\Sdk\platform-tools;D:\Android\Sdk;C:\WINDOWS\system32;C:\WINDOWS;C:\WINDOWS\System32\Wbem;C:\WINDOWS\System32\WindowsPowerShell\v1.0\;C:\WINDOWS\System32\OpenSSH\;C:\MinGW\bin;C:\Users\DELL\AppData\Roaming\npm;D:\nodejs;D:\newjhipster\.idea;C:\Windows\System32\WindowsPowerShell\v1.0\;C:\Windows\System32;C: \ WINDOWS \ System32 \ cmd.exe;D:\git\Git\bin;C:\Program Files\Java\jdk-11.0.1\bin;C:\Users\DELL\AppData\Local\Android\Sdk\platform-tools;D:\Application\Microsoft VS Code\bin;C:\Users\DELL\AppData\Local\JetBrains\Toolbox\scripts;;%USERPROFILE%\AppData\Local\Microsoft\WindowsApps
USERNAME=DELL
OS=Windows_NT
PROCESSOR_IDENTIFIER=Intel64 Family 6 Model 142 Stepping 12, GenuineIntel



---------------  S Y S T E M  ---------------

OS: Windows 10 , 64 bit Build 22621 (10.0.22621.1194)

CPU:total 8 (initial active 8) (4 cores per cpu, 2 threads per core) family 6 model 142 stepping 12, cmov, cx8, fxsr, mmx, sse, sse2, sse3, ssse3, sse4.1, sse4.2, popcnt, avx, avx2, aes, clmul, erms, 3dnowpref, lzcnt, ht, tsc, tscinvbit, bmi1, bmi2, adx, fma

Memory: 4k page, system-wide physical 8040M (399M free)
TotalPageFile size 20996M (AvailPageFile size 7M)
current process WorkingSet (physical memory assigned to process): 274M, peak: 280M
current process commit charge ("private bytes"): 369M, peak: 374M

vm_info: Java HotSpot(TM) 64-Bit Server VM (11.0.1+13-LTS) for windows-amd64 JRE (11.0.1+13-LTS), built on Oct  6 2018 13:20:16 by "mach5one" with MS VC++ 15.5 (VS2017)

END.
